PLINK v1.90b6.21 64-bit (19 Oct 2020)
Options in effect:
  --allow-extra-chr
  --double-id
  --make-bed
  --out binary_fileset
  --vcf thinned.nooutgroup.mac.lowerqualityvcf

Hostname: r4n01
Working directory: /panfs/pfs.local/work/bi/a619f280/phil.stachyris/rerunofeverything/admixnosingletonsnooutgroup
Start time: Sun Oct  1 10:30:40 2023

Random number seed: 1696174240
257869 MB RAM detected; reserving 128934 MB for main workspace.
--vcf: binary_fileset-temporary.bed + binary_fileset-temporary.bim +
binary_fileset-temporary.fam written.
1501 variants loaded from .bim file.
38 people (0 males, 0 females, 38 ambiguous) loaded from .fam.
Ambiguous sex IDs written to binary_fileset.nosex .
Using 1 thread (no multithreaded calculations invoked).
Before main variant filters, 38 founders and 0 nonfounders present.
Calculating allele frequencies... done.
Total genotyping rate is 0.798345.
1501 variants and 38 people pass filters and QC.
Note: No phenotypes present.
--make-bed to binary_fileset.bed + binary_fileset.bim + binary_fileset.fam ...
done.

End time: Sun Oct  1 10:30:40 2023
