****                   ADMIXTURE Version 1.3.0                  ****
****                    Copyright 2008-2015                     ****
****           David Alexander, Suyash Shringarpure,            ****
****                John  Novembre, Ken Lange                   ****
****                                                            ****
****                 Please cite our paper!                     ****
****   Information at www.genetics.ucla.edu/software/admixture  ****

Cross-validation will be performed.  Folds=5.
Parallel execution requested.  Will use 10 threads.
Random seed: 43
Point estimation method: Block relaxation algorithm
Convergence acceleration algorithm: QuasiNewton, 3 secant conditions
Point estimation will terminate when objective function delta < 0.0001
Estimation of standard errors disabled; will compute point estimates only.
Size of G: 38x1501
Performing five EM steps to prime main algorithm
1 (EM) 	Elapsed: 0.019	Loglikelihood: -27059.9	(delta): 39351.7
2 (EM) 	Elapsed: 0.019	Loglikelihood: -24592.1	(delta): 2467.76
3 (EM) 	Elapsed: 0.019	Loglikelihood: -23734.8	(delta): 857.313
4 (EM) 	Elapsed: 0.019	Loglikelihood: -23074.8	(delta): 659.952
5 (EM) 	Elapsed: 0.019	Loglikelihood: -22492	(delta): 582.866
Initial loglikelihood: -22492
Starting main algorithm
1 (QN/Block) 	Elapsed: 0.038	Loglikelihood: -17560.3	(delta): 4931.65
2 (QN/Block) 	Elapsed: 0.037	Loglikelihood: -15727.5	(delta): 1832.79
3 (QN/Block) 	Elapsed: 0.041	Loglikelihood: -14538.7	(delta): 1188.78
4 (QN/Block) 	Elapsed: 0.039	Loglikelihood: -14131.5	(delta): 407.225
5 (QN/Block) 	Elapsed: 0.041	Loglikelihood: -14016	(delta): 115.476
6 (QN/Block) 	Elapsed: 0.04	Loglikelihood: -13980.7	(delta): 35.3029
7 (QN/Block) 	Elapsed: 0.04	Loglikelihood: -13968.8	(delta): 11.9107
8 (QN/Block) 	Elapsed: 0.04	Loglikelihood: -13962.8	(delta): 6.07597
9 (QN/Block) 	Elapsed: 0.039	Loglikelihood: -13949.3	(delta): 13.4656
10 (QN/Block) 	Elapsed: 0.04	Loglikelihood: -13942.8	(delta): 6.50705
11 (QN/Block) 	Elapsed: 0.039	Loglikelihood: -13942.2	(delta): 0.600893
12 (QN/Block) 	Elapsed: 0.04	Loglikelihood: -13940.9	(delta): 1.26084
13 (QN/Block) 	Elapsed: 0.04	Loglikelihood: -13932.1	(delta): 8.85977
14 (QN/Block) 	Elapsed: 0.039	Loglikelihood: -13927.6	(delta): 4.47836
15 (QN/Block) 	Elapsed: 0.04	Loglikelihood: -13921.2	(delta): 6.42004
16 (QN/Block) 	Elapsed: 0.04	Loglikelihood: -13915.2	(delta): 5.98289
17 (QN/Block) 	Elapsed: 0.041	Loglikelihood: -13913.4	(delta): 1.80235
18 (QN/Block) 	Elapsed: 0.04	Loglikelihood: -13913.2	(delta): 0.167148
19 (QN/Block) 	Elapsed: 0.04	Loglikelihood: -13913.2	(delta): 0.000279342
20 (QN/Block) 	Elapsed: 0.039	Loglikelihood: -13913.2	(delta): 6.24761e-05
Summary: 
Converged in 20 iterations (0.914 sec)
Loglikelihood: -13913.209136
Fst divergences between estimated populations: 
	Pop0	Pop1	Pop2	Pop3	Pop4	Pop5	Pop6	Pop7	Pop8	
Pop0	
Pop1	0.317	
Pop2	0.316	0.219	
Pop3	0.626	0.575	0.514	
Pop4	0.444	0.342	0.307	0.658	
Pop5	0.340	0.242	0.165	0.531	0.335	
Pop6	0.443	0.350	0.269	0.603	0.445	0.294	
Pop7	0.275	0.194	0.211	0.564	0.333	0.236	0.338	
Pop8	0.502	0.434	0.326	0.563	0.504	0.337	0.451	0.430	
Pop9	0.323	0.225	0.246	0.598	0.363	0.277	0.384	0.211	0.460	
CV error (K=10): 1.00823
Writing output files.
