****                   ADMIXTURE Version 1.3.0                  ****
****                    Copyright 2008-2015                     ****
****           David Alexander, Suyash Shringarpure,            ****
****                John  Novembre, Ken Lange                   ****
****                                                            ****
****                 Please cite our paper!                     ****
****   Information at www.genetics.ucla.edu/software/admixture  ****

Cross-validation will be performed.  Folds=5.
Parallel execution requested.  Will use 10 threads.
Random seed: 43
Point estimation method: Block relaxation algorithm
Convergence acceleration algorithm: QuasiNewton, 3 secant conditions
Point estimation will terminate when objective function delta < 0.0001
Estimation of standard errors disabled; will compute point estimates only.
Size of G: 38x1501
Performing five EM steps to prime main algorithm
1 (EM) 	Elapsed: 0.005	Loglikelihood: -26770.9	(delta): 51996.5
2 (EM) 	Elapsed: 0.005	Loglikelihood: -25460.9	(delta): 1310
3 (EM) 	Elapsed: 0.005	Loglikelihood: -25161.7	(delta): 299.261
4 (EM) 	Elapsed: 0.005	Loglikelihood: -25014.2	(delta): 147.431
5 (EM) 	Elapsed: 0.005	Loglikelihood: -24926.7	(delta): 87.5378
Initial loglikelihood: -24926.7
Starting main algorithm
1 (QN/Block) 	Elapsed: 0.014	Loglikelihood: -23891.1	(delta): 1035.55
2 (QN/Block) 	Elapsed: 0.014	Loglikelihood: -23344.9	(delta): 546.197
3 (QN/Block) 	Elapsed: 0.016	Loglikelihood: -23040.9	(delta): 304.043
4 (QN/Block) 	Elapsed: 0.015	Loglikelihood: -22188.3	(delta): 852.609
5 (QN/Block) 	Elapsed: 0.015	Loglikelihood: -21987.8	(delta): 200.54
6 (QN/Block) 	Elapsed: 0.014	Loglikelihood: -21923.4	(delta): 64.4041
7 (QN/Block) 	Elapsed: 0.015	Loglikelihood: -21837.9	(delta): 85.4463
8 (QN/Block) 	Elapsed: 0.014	Loglikelihood: -21805.8	(delta): 32.1058
9 (QN/Block) 	Elapsed: 0.014	Loglikelihood: -21793.5	(delta): 12.2671
10 (QN/Block) 	Elapsed: 0.014	Loglikelihood: -21787.5	(delta): 6.08031
11 (QN/Block) 	Elapsed: 0.014	Loglikelihood: -21786.7	(delta): 0.747437
12 (QN/Block) 	Elapsed: 0.014	Loglikelihood: -21786.5	(delta): 0.200355
13 (QN/Block) 	Elapsed: 0.014	Loglikelihood: -21786.3	(delta): 0.182994
14 (QN/Block) 	Elapsed: 0.014	Loglikelihood: -21786.3	(delta): 0.0449916
15 (QN/Block) 	Elapsed: 0.014	Loglikelihood: -21786.3	(delta): 0.0159576
16 (QN/Block) 	Elapsed: 0.015	Loglikelihood: -21786.3	(delta): 0.00131756
17 (QN/Block) 	Elapsed: 0.014	Loglikelihood: -21786.3	(delta): 4.16742e-05
Summary: 
Converged in 17 iterations (0.287 sec)
Loglikelihood: -21786.259246
Fst divergences between estimated populations: 
	Pop0	
Pop0	
Pop1	0.279	
CV error (K=2): 0.62282
Writing output files.
