****                   ADMIXTURE Version 1.3.0                  ****
****                    Copyright 2008-2015                     ****
****           David Alexander, Suyash Shringarpure,            ****
****                John  Novembre, Ken Lange                   ****
****                                                            ****
****                 Please cite our paper!                     ****
****   Information at www.genetics.ucla.edu/software/admixture  ****

Cross-validation will be performed.  Folds=5.
Parallel execution requested.  Will use 10 threads.
Random seed: 43
Point estimation method: Block relaxation algorithm
Convergence acceleration algorithm: QuasiNewton, 3 secant conditions
Point estimation will terminate when objective function delta < 0.0001
Estimation of standard errors disabled; will compute point estimates only.
Size of G: 38x2975
Performing five EM steps to prime main algorithm
1 (EM) 	Elapsed: 0.002	Loglikelihood: -54450.2	(delta): 90282.1
2 (EM) 	Elapsed: 0.002	Loglikelihood: -50806.8	(delta): 3643.43
3 (EM) 	Elapsed: 0.002	Loglikelihood: -49864.8	(delta): 942.053
4 (EM) 	Elapsed: 0.002	Loglikelihood: -49303.3	(delta): 561.419
5 (EM) 	Elapsed: 0.002	Loglikelihood: -48897.1	(delta): 406.277
Initial loglikelihood: -48897.1
Starting main algorithm
1 (QN/Block) 	Elapsed: 0.013	Loglikelihood: -45231.7	(delta): 3665.36
2 (QN/Block) 	Elapsed: 0.013	Loglikelihood: -42895.2	(delta): 2336.54
3 (QN/Block) 	Elapsed: 0.014	Loglikelihood: -41221.7	(delta): 1673.46
4 (QN/Block) 	Elapsed: 0.013	Loglikelihood: -39976.7	(delta): 1245.03
5 (QN/Block) 	Elapsed: 0.014	Loglikelihood: -39412.5	(delta): 564.134
6 (QN/Block) 	Elapsed: 0.014	Loglikelihood: -39095.3	(delta): 317.186
7 (QN/Block) 	Elapsed: 0.013	Loglikelihood: -38936.5	(delta): 158.864
8 (QN/Block) 	Elapsed: 0.014	Loglikelihood: -38885.5	(delta): 50.9846
9 (QN/Block) 	Elapsed: 0.014	Loglikelihood: -38877.4	(delta): 8.10975
10 (QN/Block) 	Elapsed: 0.013	Loglikelihood: -38876.4	(delta): 0.971671
11 (QN/Block) 	Elapsed: 0.013	Loglikelihood: -38876.3	(delta): 0.152893
12 (QN/Block) 	Elapsed: 0.013	Loglikelihood: -38876.2	(delta): 0.0705856
13 (QN/Block) 	Elapsed: 0.013	Loglikelihood: -38876.2	(delta): 0.011655
14 (QN/Block) 	Elapsed: 0.013	Loglikelihood: -38876.2	(delta): 0.000977368
15 (QN/Block) 	Elapsed: 0.013	Loglikelihood: -38876.2	(delta): 0.000197541
16 (QN/Block) 	Elapsed: 0.013	Loglikelihood: -38876.2	(delta): 2.23277e-05
Summary: 
Converged in 16 iterations (0.239 sec)
Loglikelihood: -38876.177827
Fst divergences between estimated populations: 
	Pop0	Pop1	
Pop0	
Pop1	0.518	
Pop2	0.267	0.481	
CV error (K=3): 0.59328
Writing output files.
