****                   ADMIXTURE Version 1.3.0                  ****
****                    Copyright 2008-2015                     ****
****           David Alexander, Suyash Shringarpure,            ****
****                John  Novembre, Ken Lange                   ****
****                                                            ****
****                 Please cite our paper!                     ****
****   Information at www.genetics.ucla.edu/software/admixture  ****

Cross-validation will be performed.  Folds=5.
Parallel execution requested.  Will use 10 threads.
Random seed: 43
Point estimation method: Block relaxation algorithm
Convergence acceleration algorithm: QuasiNewton, 3 secant conditions
Point estimation will terminate when objective function delta < 0.0001
Estimation of standard errors disabled; will compute point estimates only.
Size of G: 38x1501
Performing five EM steps to prime main algorithm
1 (EM) 	Elapsed: 0.009	Loglikelihood: -27431.8	(delta): 41978.1
2 (EM) 	Elapsed: 0.009	Loglikelihood: -25226.2	(delta): 2205.6
3 (EM) 	Elapsed: 0.009	Loglikelihood: -24583.4	(delta): 642.8
4 (EM) 	Elapsed: 0.009	Loglikelihood: -24173	(delta): 410.341
5 (EM) 	Elapsed: 0.009	Loglikelihood: -23851	(delta): 322.086
Initial loglikelihood: -23851
Starting main algorithm
1 (QN/Block) 	Elapsed: 0.025	Loglikelihood: -21040.8	(delta): 2810.17
2 (QN/Block) 	Elapsed: 0.025	Loglikelihood: -19067	(delta): 1973.8
3 (QN/Block) 	Elapsed: 0.027	Loglikelihood: -18098	(delta): 969.039
4 (QN/Block) 	Elapsed: 0.027	Loglikelihood: -17455.8	(delta): 642.186
5 (QN/Block) 	Elapsed: 0.027	Loglikelihood: -17130.2	(delta): 325.556
6 (QN/Block) 	Elapsed: 0.026	Loglikelihood: -16972.9	(delta): 157.351
7 (QN/Block) 	Elapsed: 0.027	Loglikelihood: -16941.6	(delta): 31.2633
8 (QN/Block) 	Elapsed: 0.026	Loglikelihood: -16932.1	(delta): 9.46092
9 (QN/Block) 	Elapsed: 0.027	Loglikelihood: -16926.7	(delta): 5.45874
10 (QN/Block) 	Elapsed: 0.027	Loglikelihood: -16924.3	(delta): 2.36456
11 (QN/Block) 	Elapsed: 0.027	Loglikelihood: -16923.9	(delta): 0.418915
12 (QN/Block) 	Elapsed: 0.027	Loglikelihood: -16923.9	(delta): 0.0156418
13 (QN/Block) 	Elapsed: 0.026	Loglikelihood: -16923.9	(delta): 0.00823906
14 (QN/Block) 	Elapsed: 0.026	Loglikelihood: -16923.9	(delta): 0.000526922
15 (QN/Block) 	Elapsed: 0.027	Loglikelihood: -16923.9	(delta): 1.72208e-05
Summary: 
Converged in 15 iterations (0.46 sec)
Loglikelihood: -16923.869459
Fst divergences between estimated populations: 
	Pop0	Pop1	Pop2	Pop3	
Pop0	
Pop1	0.256	
Pop2	0.590	0.512	
Pop3	0.197	0.161	0.535	
Pop4	0.434	0.315	0.539	0.370	
CV error (K=5): 0.70873
Writing output files.
