****                   ADMIXTURE Version 1.3.0                  ****
****                    Copyright 2008-2015                     ****
****           David Alexander, Suyash Shringarpure,            ****
****                John  Novembre, Ken Lange                   ****
****                                                            ****
****                 Please cite our paper!                     ****
****   Information at www.genetics.ucla.edu/software/admixture  ****

Cross-validation will be performed.  Folds=5.
Parallel execution requested.  Will use 10 threads.
Random seed: 43
Point estimation method: Block relaxation algorithm
Convergence acceleration algorithm: QuasiNewton, 3 secant conditions
Point estimation will terminate when objective function delta < 0.0001
Estimation of standard errors disabled; will compute point estimates only.
Size of G: 38x1501
Performing five EM steps to prime main algorithm
1 (EM) 	Elapsed: 0.008	Loglikelihood: -27201.2	(delta): 41519.8
2 (EM) 	Elapsed: 0.008	Loglikelihood: -24966.5	(delta): 2234.71
3 (EM) 	Elapsed: 0.008	Loglikelihood: -24267.9	(delta): 698.604
4 (EM) 	Elapsed: 0.008	Loglikelihood: -23812.4	(delta): 455.487
5 (EM) 	Elapsed: 0.008	Loglikelihood: -23449.9	(delta): 362.524
Initial loglikelihood: -23449.9
Starting main algorithm
1 (QN/Block) 	Elapsed: 0.025	Loglikelihood: -19801	(delta): 3648.85
2 (QN/Block) 	Elapsed: 0.024	Loglikelihood: -18532.9	(delta): 1268.11
3 (QN/Block) 	Elapsed: 0.027	Loglikelihood: -17471.4	(delta): 1061.5
4 (QN/Block) 	Elapsed: 0.026	Loglikelihood: -16576.1	(delta): 895.336
5 (QN/Block) 	Elapsed: 0.026	Loglikelihood: -16235.8	(delta): 340.3
6 (QN/Block) 	Elapsed: 0.025	Loglikelihood: -16108.5	(delta): 127.322
7 (QN/Block) 	Elapsed: 0.025	Loglikelihood: -16075.3	(delta): 33.1306
8 (QN/Block) 	Elapsed: 0.025	Loglikelihood: -16066.5	(delta): 8.81698
9 (QN/Block) 	Elapsed: 0.025	Loglikelihood: -16065.3	(delta): 1.18646
10 (QN/Block) 	Elapsed: 0.026	Loglikelihood: -16064.7	(delta): 0.644965
11 (QN/Block) 	Elapsed: 0.026	Loglikelihood: -16064	(delta): 0.708714
12 (QN/Block) 	Elapsed: 0.026	Loglikelihood: -16063.6	(delta): 0.411202
13 (QN/Block) 	Elapsed: 0.026	Loglikelihood: -16063.6	(delta): 0.00661964
14 (QN/Block) 	Elapsed: 0.025	Loglikelihood: -16063.6	(delta): 0.0188871
15 (QN/Block) 	Elapsed: 0.026	Loglikelihood: -16063.5	(delta): 0.0511406
16 (QN/Block) 	Elapsed: 0.026	Loglikelihood: -16063.3	(delta): 0.172106
17 (QN/Block) 	Elapsed: 0.027	Loglikelihood: -16063	(delta): 0.295581
18 (QN/Block) 	Elapsed: 0.026	Loglikelihood: -16061.9	(delta): 1.13025
19 (QN/Block) 	Elapsed: 0.026	Loglikelihood: -16057.2	(delta): 4.66344
20 (QN/Block) 	Elapsed: 0.026	Loglikelihood: -16046.8	(delta): 10.4228
21 (QN/Block) 	Elapsed: 0.026	Loglikelihood: -16028.1	(delta): 18.7001
22 (QN/Block) 	Elapsed: 0.026	Loglikelihood: -16022.7	(delta): 5.40186
23 (QN/Block) 	Elapsed: 0.026	Loglikelihood: -16022.2	(delta): 0.494749
24 (QN/Block) 	Elapsed: 0.026	Loglikelihood: -16022.2	(delta): 0.0105501
25 (QN/Block) 	Elapsed: 0.026	Loglikelihood: -16022.2	(delta): 0.000195562
26 (QN/Block) 	Elapsed: 0.026	Loglikelihood: -16022.2	(delta): 3.27369e-07
Summary: 
Converged in 26 iterations (0.734 sec)
Loglikelihood: -16022.211963
Fst divergences between estimated populations: 
	Pop0	Pop1	Pop2	Pop3	Pop4	
Pop0	
Pop1	0.169	
Pop2	0.144	0.208	
Pop3	0.500	0.544	0.534	
Pop4	0.252	0.307	0.200	0.594	
Pop5	0.308	0.373	0.390	0.562	0.465	
CV error (K=6): 0.74375
Writing output files.
