****                   ADMIXTURE Version 1.3.0                  ****
****                    Copyright 2008-2015                     ****
****           David Alexander, Suyash Shringarpure,            ****
****                John  Novembre, Ken Lange                   ****
****                                                            ****
****                 Please cite our paper!                     ****
****   Information at www.genetics.ucla.edu/software/admixture  ****

Cross-validation will be performed.  Folds=5.
Parallel execution requested.  Will use 10 threads.
Random seed: 43
Point estimation method: Block relaxation algorithm
Convergence acceleration algorithm: QuasiNewton, 3 secant conditions
Point estimation will terminate when objective function delta < 0.0001
Estimation of standard errors disabled; will compute point estimates only.
Size of G: 38x1501
Performing five EM steps to prime main algorithm
1 (EM) 	Elapsed: 0.017	Loglikelihood: -26983.7	(delta): 40567.2
2 (EM) 	Elapsed: 0.018	Loglikelihood: -24655.6	(delta): 2328.1
3 (EM) 	Elapsed: 0.018	Loglikelihood: -23899.8	(delta): 755.749
4 (EM) 	Elapsed: 0.018	Loglikelihood: -23403.8	(delta): 496.007
5 (EM) 	Elapsed: 0.017	Loglikelihood: -23016.2	(delta): 387.585
Initial loglikelihood: -23016.2
Starting main algorithm
1 (QN/Block) 	Elapsed: 0.029	Loglikelihood: -19425.6	(delta): 3590.59
2 (QN/Block) 	Elapsed: 0.029	Loglikelihood: -17246.2	(delta): 2179.41
3 (QN/Block) 	Elapsed: 0.032	Loglikelihood: -16439	(delta): 807.254
4 (QN/Block) 	Elapsed: 0.03	Loglikelihood: -15942.6	(delta): 496.41
5 (QN/Block) 	Elapsed: 0.03	Loglikelihood: -15649.2	(delta): 293.395
6 (QN/Block) 	Elapsed: 0.03	Loglikelihood: -15532.5	(delta): 116.667
7 (QN/Block) 	Elapsed: 0.03	Loglikelihood: -15484.9	(delta): 47.6027
8 (QN/Block) 	Elapsed: 0.03	Loglikelihood: -15461.9	(delta): 23.0174
9 (QN/Block) 	Elapsed: 0.031	Loglikelihood: -15456.2	(delta): 5.67078
10 (QN/Block) 	Elapsed: 0.031	Loglikelihood: -15455.3	(delta): 0.93367
11 (QN/Block) 	Elapsed: 0.031	Loglikelihood: -15454.9	(delta): 0.361956
12 (QN/Block) 	Elapsed: 0.03	Loglikelihood: -15454.2	(delta): 0.723737
13 (QN/Block) 	Elapsed: 0.031	Loglikelihood: -15442.8	(delta): 11.3851
14 (QN/Block) 	Elapsed: 0.03	Loglikelihood: -15440.5	(delta): 2.26777
15 (QN/Block) 	Elapsed: 0.03	Loglikelihood: -15440.3	(delta): 0.28485
16 (QN/Block) 	Elapsed: 0.03	Loglikelihood: -15439.7	(delta): 0.584691
17 (QN/Block) 	Elapsed: 0.031	Loglikelihood: -15438.8	(delta): 0.909256
18 (QN/Block) 	Elapsed: 0.031	Loglikelihood: -15438.7	(delta): 0.0137399
19 (QN/Block) 	Elapsed: 0.03	Loglikelihood: -15438.7	(delta): 1.68608e-05
Summary: 
Converged in 19 iterations (0.681 sec)
Loglikelihood: -15438.747972
Fst divergences between estimated populations: 
	Pop0	Pop1	Pop2	Pop3	Pop4	Pop5	
Pop0	
Pop1	0.203	
Pop2	0.329	0.249	
Pop3	0.246	0.147	0.214	
Pop4	0.592	0.545	0.556	0.529	
Pop5	0.456	0.403	0.374	0.353	0.562	
Pop6	0.273	0.195	0.231	0.156	0.523	0.341	
CV error (K=7): 0.82422
Writing output files.
