****                   ADMIXTURE Version 1.3.0                  ****
****                    Copyright 2008-2015                     ****
****           David Alexander, Suyash Shringarpure,            ****
****                John  Novembre, Ken Lange                   ****
****                                                            ****
****                 Please cite our paper!                     ****
****   Information at www.genetics.ucla.edu/software/admixture  ****

Cross-validation will be performed.  Folds=5.
Parallel execution requested.  Will use 10 threads.
Random seed: 43
Point estimation method: Block relaxation algorithm
Convergence acceleration algorithm: QuasiNewton, 3 secant conditions
Point estimation will terminate when objective function delta < 0.0001
Estimation of standard errors disabled; will compute point estimates only.
Size of G: 38x1501
Performing five EM steps to prime main algorithm
1 (EM) 	Elapsed: 0.014	Loglikelihood: -27154.1	(delta): 39904.5
2 (EM) 	Elapsed: 0.014	Loglikelihood: -24782	(delta): 2372.11
3 (EM) 	Elapsed: 0.014	Loglikelihood: -23971	(delta): 810.929
4 (EM) 	Elapsed: 0.014	Loglikelihood: -23398.8	(delta): 572.259
5 (EM) 	Elapsed: 0.014	Loglikelihood: -22925.3	(delta): 473.438
Initial loglikelihood: -22925.3
Starting main algorithm
1 (QN/Block) 	Elapsed: 0.033	Loglikelihood: -18534.5	(delta): 4390.88
2 (QN/Block) 	Elapsed: 0.033	Loglikelihood: -16507.4	(delta): 2027.06
3 (QN/Block) 	Elapsed: 0.036	Loglikelihood: -15644.4	(delta): 862.982
4 (QN/Block) 	Elapsed: 0.034	Loglikelihood: -15242.4	(delta): 402.029
5 (QN/Block) 	Elapsed: 0.034	Loglikelihood: -15090.7	(delta): 151.644
6 (QN/Block) 	Elapsed: 0.035	Loglikelihood: -15036.8	(delta): 53.9612
7 (QN/Block) 	Elapsed: 0.035	Loglikelihood: -15018.1	(delta): 18.7177
8 (QN/Block) 	Elapsed: 0.035	Loglikelihood: -14998.3	(delta): 19.7848
9 (QN/Block) 	Elapsed: 0.034	Loglikelihood: -14993.4	(delta): 4.86886
10 (QN/Block) 	Elapsed: 0.035	Loglikelihood: -14991	(delta): 2.37574
11 (QN/Block) 	Elapsed: 0.035	Loglikelihood: -14990.6	(delta): 0.487179
12 (QN/Block) 	Elapsed: 0.034	Loglikelihood: -14990.5	(delta): 0.00278901
13 (QN/Block) 	Elapsed: 0.035	Loglikelihood: -14990.5	(delta): 3.33169e-05
Summary: 
Converged in 13 iterations (0.533 sec)
Loglikelihood: -14990.548465
Fst divergences between estimated populations: 
	Pop0	Pop1	Pop2	Pop3	Pop4	Pop5	Pop6	
Pop0	
Pop1	0.262	
Pop2	0.378	0.431	
Pop3	0.548	0.572	0.562	
Pop4	0.181	0.199	0.316	0.508	
Pop5	0.242	0.191	0.390	0.545	0.182	
Pop6	0.362	0.289	0.501	0.628	0.305	0.287	
Pop7	0.227	0.146	0.400	0.548	0.166	0.175	0.279	
CV error (K=8): 0.92576
Writing output files.
