****                   ADMIXTURE Version 1.3.0                  ****
****                    Copyright 2008-2015                     ****
****           David Alexander, Suyash Shringarpure,            ****
****                John  Novembre, Ken Lange                   ****
****                                                            ****
****                 Please cite our paper!                     ****
****   Information at www.genetics.ucla.edu/software/admixture  ****

Cross-validation will be performed.  Folds=5.
Parallel execution requested.  Will use 10 threads.
Random seed: 43
Point estimation method: Block relaxation algorithm
Convergence acceleration algorithm: QuasiNewton, 3 secant conditions
Point estimation will terminate when objective function delta < 0.0001
Estimation of standard errors disabled; will compute point estimates only.
Size of G: 38x1501
Performing five EM steps to prime main algorithm
1 (EM) 	Elapsed: 0.017	Loglikelihood: -27285.9	(delta): 39434
2 (EM) 	Elapsed: 0.017	Loglikelihood: -24870.4	(delta): 2415.49
3 (EM) 	Elapsed: 0.017	Loglikelihood: -24061.9	(delta): 808.51
4 (EM) 	Elapsed: 0.017	Loglikelihood: -23460.6	(delta): 601.324
5 (EM) 	Elapsed: 0.017	Loglikelihood: -22931.2	(delta): 529.374
Initial loglikelihood: -22931.2
Starting main algorithm
1 (QN/Block) 	Elapsed: 0.038	Loglikelihood: -18030.8	(delta): 4900.41
2 (QN/Block) 	Elapsed: 0.037	Loglikelihood: -16420.9	(delta): 1609.92
3 (QN/Block) 	Elapsed: 0.041	Loglikelihood: -15604	(delta): 816.917
4 (QN/Block) 	Elapsed: 0.039	Loglikelihood: -15033.6	(delta): 570.427
5 (QN/Block) 	Elapsed: 0.039	Loglikelihood: -14606.7	(delta): 426.876
6 (QN/Block) 	Elapsed: 0.039	Loglikelihood: -14365.4	(delta): 241.284
7 (QN/Block) 	Elapsed: 0.039	Loglikelihood: -14295.9	(delta): 69.4962
8 (QN/Block) 	Elapsed: 0.039	Loglikelihood: -14269.1	(delta): 26.7679
9 (QN/Block) 	Elapsed: 0.039	Loglikelihood: -14263.7	(delta): 5.40663
10 (QN/Block) 	Elapsed: 0.039	Loglikelihood: -14262	(delta): 1.74566
11 (QN/Block) 	Elapsed: 0.039	Loglikelihood: -14261.8	(delta): 0.156762
12 (QN/Block) 	Elapsed: 0.039	Loglikelihood: -14261.8	(delta): 0.0209513
13 (QN/Block) 	Elapsed: 0.039	Loglikelihood: -14261.8	(delta): 0.0290724
14 (QN/Block) 	Elapsed: 0.04	Loglikelihood: -14261.7	(delta): 0.0783802
15 (QN/Block) 	Elapsed: 0.04	Loglikelihood: -14260.7	(delta): 1.035
16 (QN/Block) 	Elapsed: 0.04	Loglikelihood: -14257.9	(delta): 2.78897
17 (QN/Block) 	Elapsed: 0.04	Loglikelihood: -14255.1	(delta): 2.72984
18 (QN/Block) 	Elapsed: 0.04	Loglikelihood: -14253.8	(delta): 1.33415
19 (QN/Block) 	Elapsed: 0.04	Loglikelihood: -14253.6	(delta): 0.244417
20 (QN/Block) 	Elapsed: 0.039	Loglikelihood: -14253.6	(delta): 0.00269738
21 (QN/Block) 	Elapsed: 0.039	Loglikelihood: -14253.6	(delta): 0.000106412
22 (QN/Block) 	Elapsed: 0.039	Loglikelihood: -14253.6	(delta): 2.23831e-05
Summary: 
Converged in 22 iterations (0.97 sec)
Loglikelihood: -14253.568321
Fst divergences between estimated populations: 
	Pop0	Pop1	Pop2	Pop3	Pop4	Pop5	Pop6	Pop7	
Pop0	
Pop1	0.237	
Pop2	0.439	0.347	
Pop3	0.264	0.191	0.342	
Pop4	0.273	0.201	0.379	0.238	
Pop5	0.177	0.201	0.409	0.221	0.236	
Pop6	0.574	0.536	0.561	0.529	0.547	0.554	
Pop7	0.235	0.261	0.455	0.288	0.295	0.203	0.597	
Pop8	0.311	0.333	0.502	0.351	0.362	0.284	0.627	0.308	
CV error (K=9): 0.94763
Writing output files.
