****                   ADMIXTURE Version 1.3.0                  ****
****                    Copyright 2008-2015                     ****
****           David Alexander, Suyash Shringarpure,            ****
****                John  Novembre, Ken Lange                   ****
****                                                            ****
****                 Please cite our paper!                     ****
****   Information at www.genetics.ucla.edu/software/admixture  ****

Cross-validation will be performed.  Folds=5.
Parallel execution requested.  Will use 10 threads.
Random seed: 43
Point estimation method: Block relaxation algorithm
Convergence acceleration algorithm: QuasiNewton, 3 secant conditions
Point estimation will terminate when objective function delta < 0.0001
Estimation of standard errors disabled; will compute point estimates only.
Size of G: 34x1234
Performing five EM steps to prime main algorithm
1 (EM) 	Elapsed: 0	Loglikelihood: -21922.4	(delta): 37494.4
2 (EM) 	Elapsed: 0	Loglikelihood: -20818.8	(delta): 1103.61
3 (EM) 	Elapsed: 0	Loglikelihood: -20560.3	(delta): 258.516
4 (EM) 	Elapsed: 0	Loglikelihood: -20431.4	(delta): 128.857
5 (EM) 	Elapsed: 0	Loglikelihood: -20351.7	(delta): 79.7247
Initial loglikelihood: -20351.7
Starting main algorithm
1 (QN/Block) 	Elapsed: 0.004	Loglikelihood: -19285.5	(delta): 1066.22
2 (QN/Block) 	Elapsed: 0.004	Loglikelihood: -18790.5	(delta): 494.993
3 (QN/Block) 	Elapsed: 0.004	Loglikelihood: -18616.2	(delta): 174.24
4 (QN/Block) 	Elapsed: 0.004	Loglikelihood: -18532.8	(delta): 83.3813
5 (QN/Block) 	Elapsed: 0.004	Loglikelihood: -18498.1	(delta): 34.7722
6 (QN/Block) 	Elapsed: 0.004	Loglikelihood: -18489.2	(delta): 8.82694
7 (QN/Block) 	Elapsed: 0.004	Loglikelihood: -18486.8	(delta): 2.47303
8 (QN/Block) 	Elapsed: 0.004	Loglikelihood: -18481.5	(delta): 5.27788
9 (QN/Block) 	Elapsed: 0.004	Loglikelihood: -18475.3	(delta): 6.16303
10 (QN/Block) 	Elapsed: 0.004	Loglikelihood: -18473.4	(delta): 1.94786
11 (QN/Block) 	Elapsed: 0.004	Loglikelihood: -18473.1	(delta): 0.289328
12 (QN/Block) 	Elapsed: 0.004	Loglikelihood: -18473.1	(delta): 0.0259661
13 (QN/Block) 	Elapsed: 0.004	Loglikelihood: -18473.1	(delta): 0.00191886
14 (QN/Block) 	Elapsed: 0.004	Loglikelihood: -18473.1	(delta): 0.000788576
15 (QN/Block) 	Elapsed: 0.004	Loglikelihood: -18473.1	(delta): 5.32126e-05
Summary: 
Converged in 15 iterations (0.075 sec)
Loglikelihood: -18473.058104
Fst divergences between estimated populations: 
	Pop0	
Pop0	
Pop1	0.260	
CV error (K=2): 0.61100
Writing output files.
