****                   ADMIXTURE Version 1.3.0                  ****
****                    Copyright 2008-2015                     ****
****           David Alexander, Suyash Shringarpure,            ****
****                John  Novembre, Ken Lange                   ****
****                                                            ****
****                 Please cite our paper!                     ****
****   Information at www.genetics.ucla.edu/software/admixture  ****

Cross-validation will be performed.  Folds=5.
Parallel execution requested.  Will use 10 threads.
Random seed: 43
Point estimation method: Block relaxation algorithm
Convergence acceleration algorithm: QuasiNewton, 3 secant conditions
Point estimation will terminate when objective function delta < 0.0001
Estimation of standard errors disabled; will compute point estimates only.
Size of G: 34x1234
Performing five EM steps to prime main algorithm
1 (EM) 	Elapsed: 0.001	Loglikelihood: -22367.9	(delta): 31733.5
2 (EM) 	Elapsed: 0.001	Loglikelihood: -20951.1	(delta): 1416.75
3 (EM) 	Elapsed: 0.001	Loglikelihood: -20564.1	(delta): 386.971
4 (EM) 	Elapsed: 0.001	Loglikelihood: -20344.8	(delta): 219.378
5 (EM) 	Elapsed: 0.001	Loglikelihood: -20186.3	(delta): 158.465
Initial loglikelihood: -20186.3
Starting main algorithm
1 (QN/Block) 	Elapsed: 0.005	Loglikelihood: -18898.5	(delta): 1287.83
2 (QN/Block) 	Elapsed: 0.005	Loglikelihood: -18255.1	(delta): 643.339
3 (QN/Block) 	Elapsed: 0.006	Loglikelihood: -17777.8	(delta): 477.314
4 (QN/Block) 	Elapsed: 0.006	Loglikelihood: -17204.6	(delta): 573.184
5 (QN/Block) 	Elapsed: 0.006	Loglikelihood: -17074.9	(delta): 129.72
6 (QN/Block) 	Elapsed: 0.006	Loglikelihood: -17012.9	(delta): 62.0627
7 (QN/Block) 	Elapsed: 0.006	Loglikelihood: -16971.4	(delta): 41.4628
8 (QN/Block) 	Elapsed: 0.006	Loglikelihood: -16956.9	(delta): 14.5109
9 (QN/Block) 	Elapsed: 0.006	Loglikelihood: -16952.3	(delta): 4.60184
10 (QN/Block) 	Elapsed: 0.006	Loglikelihood: -16952	(delta): 0.319743
11 (QN/Block) 	Elapsed: 0.006	Loglikelihood: -16951.9	(delta): 0.0135132
12 (QN/Block) 	Elapsed: 0.006	Loglikelihood: -16951.9	(delta): 0.00934584
13 (QN/Block) 	Elapsed: 0.006	Loglikelihood: -16951.9	(delta): 0.00466791
14 (QN/Block) 	Elapsed: 0.006	Loglikelihood: -16951.9	(delta): 0.013017
15 (QN/Block) 	Elapsed: 0.006	Loglikelihood: -16951.9	(delta): 0.00441606
16 (QN/Block) 	Elapsed: 0.006	Loglikelihood: -16951.9	(delta): 0.00641465
17 (QN/Block) 	Elapsed: 0.006	Loglikelihood: -16951.9	(delta): 0.00626083
18 (QN/Block) 	Elapsed: 0.006	Loglikelihood: -16951.9	(delta): 0.00123772
19 (QN/Block) 	Elapsed: 0.006	Loglikelihood: -16951.9	(delta): 0.00155067
20 (QN/Block) 	Elapsed: 0.006	Loglikelihood: -16951.9	(delta): 0.000610988
21 (QN/Block) 	Elapsed: 0.006	Loglikelihood: -16951.9	(delta): 9.79171e-05
Summary: 
Converged in 21 iterations (0.14 sec)
Loglikelihood: -16951.899253
Fst divergences between estimated populations: 
	Pop0	Pop1	
Pop0	
Pop1	0.381	
Pop2	0.131	0.305	
CV error (K=3): 0.71937
Writing output files.
