****                   ADMIXTURE Version 1.3.0                  ****
****                    Copyright 2008-2015                     ****
****           David Alexander, Suyash Shringarpure,            ****
****                John  Novembre, Ken Lange                   ****
****                                                            ****
****                 Please cite our paper!                     ****
****   Information at www.genetics.ucla.edu/software/admixture  ****

Cross-validation will be performed.  Folds=5.
Parallel execution requested.  Will use 10 threads.
Random seed: 43
Point estimation method: Block relaxation algorithm
Convergence acceleration algorithm: QuasiNewton, 3 secant conditions
Point estimation will terminate when objective function delta < 0.0001
Estimation of standard errors disabled; will compute point estimates only.
Size of G: 34x2601
Performing five EM steps to prime main algorithm
1 (EM) 	Elapsed: 0.005	Loglikelihood: -46764.3	(delta): 64552.5
2 (EM) 	Elapsed: 0.005	Loglikelihood: -43333.5	(delta): 3430.72
3 (EM) 	Elapsed: 0.005	Loglikelihood: -42254	(delta): 1079.6
4 (EM) 	Elapsed: 0.005	Loglikelihood: -41547.8	(delta): 706.118
5 (EM) 	Elapsed: 0.005	Loglikelihood: -41000.7	(delta): 547.155
Initial loglikelihood: -41000.7
Starting main algorithm
1 (QN/Block) 	Elapsed: 0.014	Loglikelihood: -37493	(delta): 3507.63
2 (QN/Block) 	Elapsed: 0.014	Loglikelihood: -36207.7	(delta): 1285.32
3 (QN/Block) 	Elapsed: 0.015	Loglikelihood: -35402.3	(delta): 805.46
4 (QN/Block) 	Elapsed: 0.015	Loglikelihood: -34857.5	(delta): 544.733
5 (QN/Block) 	Elapsed: 0.015	Loglikelihood: -34474.8	(delta): 382.722
6 (QN/Block) 	Elapsed: 0.015	Loglikelihood: -34273.1	(delta): 201.677
7 (QN/Block) 	Elapsed: 0.015	Loglikelihood: -34167.2	(delta): 105.952
8 (QN/Block) 	Elapsed: 0.015	Loglikelihood: -34153.8	(delta): 13.4116
9 (QN/Block) 	Elapsed: 0.015	Loglikelihood: -34148.4	(delta): 5.34221
10 (QN/Block) 	Elapsed: 0.015	Loglikelihood: -34145.6	(delta): 2.82868
11 (QN/Block) 	Elapsed: 0.015	Loglikelihood: -34144.5	(delta): 1.10925
12 (QN/Block) 	Elapsed: 0.015	Loglikelihood: -34144.3	(delta): 0.207667
13 (QN/Block) 	Elapsed: 0.015	Loglikelihood: -34144.3	(delta): 0.00993662
14 (QN/Block) 	Elapsed: 0.015	Loglikelihood: -34144.3	(delta): 9.84473e-05
Summary: 
Converged in 14 iterations (0.239 sec)
Loglikelihood: -34144.277727
Fst divergences between estimated populations: 
	Pop0	Pop1	Pop2	
Pop0	
Pop1	0.301	
Pop2	0.153	0.386	
Pop3	0.145	0.359	0.187	
CV error (K=4): 0.82895
Writing output files.
