****                   ADMIXTURE Version 1.3.0                  ****
****                    Copyright 2008-2015                     ****
****           David Alexander, Suyash Shringarpure,            ****
****                John  Novembre, Ken Lange                   ****
****                                                            ****
****                 Please cite our paper!                     ****
****   Information at www.genetics.ucla.edu/software/admixture  ****

Cross-validation will be performed.  Folds=5.
Parallel execution requested.  Will use 10 threads.
Random seed: 43
Point estimation method: Block relaxation algorithm
Convergence acceleration algorithm: QuasiNewton, 3 secant conditions
Point estimation will terminate when objective function delta < 0.0001
Estimation of standard errors disabled; will compute point estimates only.
Size of G: 34x1234
Performing five EM steps to prime main algorithm
1 (EM) 	Elapsed: 0.003	Loglikelihood: -22343.1	(delta): 29037.2
2 (EM) 	Elapsed: 0.003	Loglikelihood: -20692.1	(delta): 1651.02
3 (EM) 	Elapsed: 0.003	Loglikelihood: -20192.4	(delta): 499.634
4 (EM) 	Elapsed: 0.003	Loglikelihood: -19879.1	(delta): 313.284
5 (EM) 	Elapsed: 0.003	Loglikelihood: -19630.5	(delta): 248.599
Initial loglikelihood: -19630.5
Starting main algorithm
1 (QN/Block) 	Elapsed: 0.006	Loglikelihood: -17578.6	(delta): 2051.95
2 (QN/Block) 	Elapsed: 0.006	Loglikelihood: -16700.6	(delta): 878.008
3 (QN/Block) 	Elapsed: 0.007	Loglikelihood: -16041.9	(delta): 658.65
4 (QN/Block) 	Elapsed: 0.006	Loglikelihood: -15582.1	(delta): 459.862
5 (QN/Block) 	Elapsed: 0.006	Loglikelihood: -15244	(delta): 338.033
6 (QN/Block) 	Elapsed: 0.006	Loglikelihood: -15106.2	(delta): 137.848
7 (QN/Block) 	Elapsed: 0.006	Loglikelihood: -15050.4	(delta): 55.8315
8 (QN/Block) 	Elapsed: 0.006	Loglikelihood: -15031.4	(delta): 18.93
9 (QN/Block) 	Elapsed: 0.006	Loglikelihood: -15025.1	(delta): 6.3372
10 (QN/Block) 	Elapsed: 0.007	Loglikelihood: -15021.9	(delta): 3.17328
11 (QN/Block) 	Elapsed: 0.007	Loglikelihood: -15020.4	(delta): 1.53067
12 (QN/Block) 	Elapsed: 0.007	Loglikelihood: -15020.3	(delta): 0.0397043
13 (QN/Block) 	Elapsed: 0.006	Loglikelihood: -15020.3	(delta): 0.00134545
14 (QN/Block) 	Elapsed: 0.006	Loglikelihood: -15020.3	(delta): 1.06738e-06
Summary: 
Converged in 14 iterations (0.116 sec)
Loglikelihood: -15020.344557
Fst divergences between estimated populations: 
	Pop0	Pop1	Pop2	Pop3	
Pop0	
Pop1	0.311	
Pop2	0.465	0.376	
Pop3	0.200	0.211	0.389	
Pop4	0.250	0.171	0.306	0.142	
CV error (K=5): 0.85191
Writing output files.
