****                   ADMIXTURE Version 1.3.0                  ****
****                    Copyright 2008-2015                     ****
****           David Alexander, Suyash Shringarpure,            ****
****                John  Novembre, Ken Lange                   ****
****                                                            ****
****                 Please cite our paper!                     ****
****   Information at www.genetics.ucla.edu/software/admixture  ****

Cross-validation will be performed.  Folds=5.
Parallel execution requested.  Will use 10 threads.
Random seed: 43
Point estimation method: Block relaxation algorithm
Convergence acceleration algorithm: QuasiNewton, 3 secant conditions
Point estimation will terminate when objective function delta < 0.0001
Estimation of standard errors disabled; will compute point estimates only.
Size of G: 34x1234
Performing five EM steps to prime main algorithm
1 (EM) 	Elapsed: 0.004	Loglikelihood: -22116.5	(delta): 28603.2
2 (EM) 	Elapsed: 0.003	Loglikelihood: -20295.3	(delta): 1821.21
3 (EM) 	Elapsed: 0.004	Loglikelihood: -19675.4	(delta): 619.919
4 (EM) 	Elapsed: 0.003	Loglikelihood: -19252.7	(delta): 422.619
5 (EM) 	Elapsed: 0.004	Loglikelihood: -18921.8	(delta): 330.918
Initial loglikelihood: -18921.8
Starting main algorithm
1 (QN/Block) 	Elapsed: 0.007	Loglikelihood: -16231.6	(delta): 2690.21
2 (QN/Block) 	Elapsed: 0.007	Loglikelihood: -15290.2	(delta): 941.423
3 (QN/Block) 	Elapsed: 0.009	Loglikelihood: -14758.8	(delta): 531.396
4 (QN/Block) 	Elapsed: 0.008	Loglikelihood: -14467.3	(delta): 291.521
5 (QN/Block) 	Elapsed: 0.008	Loglikelihood: -14314.2	(delta): 153.115
6 (QN/Block) 	Elapsed: 0.008	Loglikelihood: -14255.6	(delta): 58.5615
7 (QN/Block) 	Elapsed: 0.008	Loglikelihood: -14242.5	(delta): 13.0622
8 (QN/Block) 	Elapsed: 0.008	Loglikelihood: -14240.4	(delta): 2.11456
9 (QN/Block) 	Elapsed: 0.008	Loglikelihood: -14239.6	(delta): 0.778539
10 (QN/Block) 	Elapsed: 0.008	Loglikelihood: -14239.6	(delta): 0.0133639
11 (QN/Block) 	Elapsed: 0.008	Loglikelihood: -14239.6	(delta): 0.00321149
12 (QN/Block) 	Elapsed: 0.008	Loglikelihood: -14239.6	(delta): 0.000445511
13 (QN/Block) 	Elapsed: 0.008	Loglikelihood: -14239.6	(delta): 6.25198e-05
Summary: 
Converged in 13 iterations (0.129 sec)
Loglikelihood: -14239.616981
Fst divergences between estimated populations: 
	Pop0	Pop1	Pop2	Pop3	Pop4	Pop5	
Pop0	
Pop1	0.226	
Pop2	0.257	0.180	
Pop3	0.256	0.182	0.179	
Pop4	0.308	0.262	0.257	0.244	
Pop5	0.426	0.399	0.355	0.364	0.407	
Pop6	0.364	0.315	0.307	0.305	0.343	0.454	
CV error (K=7): 1.07717
Writing output files.
