****                   ADMIXTURE Version 1.3.0                  ****
****                    Copyright 2008-2015                     ****
****           David Alexander, Suyash Shringarpure,            ****
****                John  Novembre, Ken Lange                   ****
****                                                            ****
****                 Please cite our paper!                     ****
****   Information at www.genetics.ucla.edu/software/admixture  ****

Cross-validation will be performed.  Folds=5.
Parallel execution requested.  Will use 10 threads.
Random seed: 43
Point estimation method: Block relaxation algorithm
Convergence acceleration algorithm: QuasiNewton, 3 secant conditions
Point estimation will terminate when objective function delta < 0.0001
Estimation of standard errors disabled; will compute point estimates only.
Size of G: 34x1234
Performing five EM steps to prime main algorithm
1 (EM) 	Elapsed: 0.006	Loglikelihood: -22128.6	(delta): 27479.1
2 (EM) 	Elapsed: 0.006	Loglikelihood: -20339	(delta): 1789.63
3 (EM) 	Elapsed: 0.006	Loglikelihood: -19703.3	(delta): 635.646
4 (EM) 	Elapsed: 0.006	Loglikelihood: -19235.8	(delta): 467.524
5 (EM) 	Elapsed: 0.006	Loglikelihood: -18842.6	(delta): 393.225
Initial loglikelihood: -18842.6
Starting main algorithm
1 (QN/Block) 	Elapsed: 0.009	Loglikelihood: -15452.2	(delta): 3390.38
2 (QN/Block) 	Elapsed: 0.009	Loglikelihood: -14202.1	(delta): 1250.07
3 (QN/Block) 	Elapsed: 0.01	Loglikelihood: -13608	(delta): 594.105
4 (QN/Block) 	Elapsed: 0.01	Loglikelihood: -13258.2	(delta): 349.823
5 (QN/Block) 	Elapsed: 0.01	Loglikelihood: -13044.7	(delta): 213.488
6 (QN/Block) 	Elapsed: 0.01	Loglikelihood: -12917.4	(delta): 127.339
7 (QN/Block) 	Elapsed: 0.01	Loglikelihood: -12876.2	(delta): 41.178
8 (QN/Block) 	Elapsed: 0.01	Loglikelihood: -12862.4	(delta): 13.7453
9 (QN/Block) 	Elapsed: 0.01	Loglikelihood: -12852	(delta): 10.4468
10 (QN/Block) 	Elapsed: 0.01	Loglikelihood: -12846.7	(delta): 5.26374
11 (QN/Block) 	Elapsed: 0.01	Loglikelihood: -12842.8	(delta): 3.94693
12 (QN/Block) 	Elapsed: 0.01	Loglikelihood: -12842.8	(delta): 0.00585512
13 (QN/Block) 	Elapsed: 0.01	Loglikelihood: -12842.8	(delta): 2.68828e-08
Summary: 
Converged in 13 iterations (0.166 sec)
Loglikelihood: -12842.772231
Fst divergences between estimated populations: 
	Pop0	Pop1	Pop2	Pop3	Pop4	Pop5	Pop6	Pop7	
Pop0	
Pop1	0.232	
Pop2	0.432	0.347	
Pop3	0.300	0.335	0.503	
Pop4	0.261	0.209	0.381	0.362	
Pop5	0.167	0.235	0.432	0.287	0.263	
Pop6	0.289	0.230	0.372	0.389	0.264	0.285	
Pop7	0.330	0.337	0.512	0.389	0.364	0.326	0.398	
Pop8	0.223	0.209	0.400	0.327	0.243	0.206	0.262	0.345	
CV error (K=9): 0.99664
Writing output files.
