****                   ADMIXTURE Version 1.3.0                  ****
****                    Copyright 2008-2015                     ****
****           David Alexander, Suyash Shringarpure,            ****
****                John  Novembre, Ken Lange                   ****
****                                                            ****
****                 Please cite our paper!                     ****
****   Information at www.genetics.ucla.edu/software/admixture  ****

Cross-validation will be performed.  Folds=5.
Parallel execution requested.  Will use 10 threads.
Random seed: 43
Point estimation method: Block relaxation algorithm
Convergence acceleration algorithm: QuasiNewton, 3 secant conditions
Point estimation will terminate when objective function delta < 0.0001
Estimation of standard errors disabled; will compute point estimates only.
Size of G: 47x3692
Performing five EM steps to prime main algorithm
1 (EM) 	Elapsed: 0.014	Loglikelihood: -76374.8	(delta): 130799
2 (EM) 	Elapsed: 0.014	Loglikelihood: -69475.9	(delta): 6898.92
3 (EM) 	Elapsed: 0.014	Loglikelihood: -67413.5	(delta): 2062.36
4 (EM) 	Elapsed: 0.014	Loglikelihood: -65771.3	(delta): 1642.21
5 (EM) 	Elapsed: 0.014	Loglikelihood: -64144.3	(delta): 1627.01
Initial loglikelihood: -64144.3
Starting main algorithm
1 (QN/Block) 	Elapsed: 0.055	Loglikelihood: -46321.8	(delta): 17822.5
2 (QN/Block) 	Elapsed: 0.055	Loglikelihood: -40381.2	(delta): 5940.6
3 (QN/Block) 	Elapsed: 0.058	Loglikelihood: -36889.9	(delta): 3491.24
4 (QN/Block) 	Elapsed: 0.058	Loglikelihood: -35116.3	(delta): 1773.58
5 (QN/Block) 	Elapsed: 0.057	Loglikelihood: -34348.6	(delta): 767.766
6 (QN/Block) 	Elapsed: 0.057	Loglikelihood: -33912.7	(delta): 435.847
7 (QN/Block) 	Elapsed: 0.057	Loglikelihood: -33700.1	(delta): 212.589
8 (QN/Block) 	Elapsed: 0.057	Loglikelihood: -33656.4	(delta): 43.7678
9 (QN/Block) 	Elapsed: 0.057	Loglikelihood: -33642.9	(delta): 13.5256
10 (QN/Block) 	Elapsed: 0.056	Loglikelihood: -33632.5	(delta): 10.3056
11 (QN/Block) 	Elapsed: 0.057	Loglikelihood: -33627	(delta): 5.52542
12 (QN/Block) 	Elapsed: 0.058	Loglikelihood: -33626.6	(delta): 0.406927
13 (QN/Block) 	Elapsed: 0.056	Loglikelihood: -33626.6	(delta): 0.0299573
14 (QN/Block) 	Elapsed: 0.057	Loglikelihood: -33626.6	(delta): 0.000920645
15 (QN/Block) 	Elapsed: 0.056	Loglikelihood: -33626.6	(delta): 4.90276e-05
Summary: 
Converged in 15 iterations (0.961 sec)
Loglikelihood: -33626.585152
Fst divergences between estimated populations: 
	Pop0	Pop1	Pop2	Pop3	Pop4	Pop5	Pop6	Pop7	Pop8	
Pop0	
Pop1	0.499	
Pop2	0.295	0.523	
Pop3	0.467	0.194	0.491	
Pop4	0.514	0.256	0.538	0.209	
Pop5	0.520	0.378	0.542	0.314	0.390	
Pop6	0.497	0.246	0.523	0.198	0.270	0.413	
Pop7	0.533	0.536	0.551	0.494	0.560	0.556	0.539	
Pop8	0.552	0.354	0.573	0.304	0.374	0.487	0.264	0.604	
Pop9	0.491	0.226	0.518	0.181	0.259	0.404	0.143	0.537	0.274	
CV error (K=10): 0.57545
Writing output files.
