****                   ADMIXTURE Version 1.3.0                  ****
****                    Copyright 2008-2015                     ****
****           David Alexander, Suyash Shringarpure,            ****
****                John  Novembre, Ken Lange                   ****
****                                                            ****
****                 Please cite our paper!                     ****
****   Information at www.genetics.ucla.edu/software/admixture  ****

Cross-validation will be performed.  Folds=5.
Parallel execution requested.  Will use 10 threads.
Random seed: 43
Point estimation method: Block relaxation algorithm
Convergence acceleration algorithm: QuasiNewton, 3 secant conditions
Point estimation will terminate when objective function delta < 0.0001
Estimation of standard errors disabled; will compute point estimates only.
Size of G: 47x2202
Performing five EM steps to prime main algorithm
1 (EM) 	Elapsed: 0.004	Loglikelihood: -43240.1	(delta): 131101
2 (EM) 	Elapsed: 0.004	Loglikelihood: -43240.1	(delta): 7.27596e-12
3 (EM) 	Elapsed: 0.004	Loglikelihood: -43240.1	(delta): -7.27596e-12
4 (EM) 	Elapsed: 0.004	Loglikelihood: -43240.1	(delta): 7.27596e-12
5 (EM) 	Elapsed: 0.004	Loglikelihood: -43240.1	(delta): 0
Initial loglikelihood: -43240.1
Starting main algorithm
1 (QN/Block) 	Elapsed: 0.012	Loglikelihood: -43240.1	(delta): -7.27596e-12
2 (QN/Block) 	Elapsed: 0.011	Loglikelihood: -43240.1	(delta): 7.27596e-12
Summary: 
Converged in 2 iterations (0.051 sec)
Loglikelihood: -43240.053559
CV error (K=1): 0.55183
Writing output files.
