****                   ADMIXTURE Version 1.3.0                  ****
****                    Copyright 2008-2015                     ****
****           David Alexander, Suyash Shringarpure,            ****
****                John  Novembre, Ken Lange                   ****
****                                                            ****
****                 Please cite our paper!                     ****
****   Information at www.genetics.ucla.edu/software/admixture  ****

Cross-validation will be performed.  Folds=5.
Parallel execution requested.  Will use 10 threads.
Random seed: 43
Point estimation method: Block relaxation algorithm
Convergence acceleration algorithm: QuasiNewton, 3 secant conditions
Point estimation will terminate when objective function delta < 0.0001
Estimation of standard errors disabled; will compute point estimates only.
Size of G: 47x3692
Performing five EM steps to prime main algorithm
1 (EM) 	Elapsed: 0.003	Loglikelihood: -76874.4	(delta): 152202
2 (EM) 	Elapsed: 0.003	Loglikelihood: -71541.5	(delta): 5332.88
3 (EM) 	Elapsed: 0.003	Loglikelihood: -70252.5	(delta): 1288.93
4 (EM) 	Elapsed: 0.003	Loglikelihood: -69412.3	(delta): 840.208
5 (EM) 	Elapsed: 0.003	Loglikelihood: -68688.4	(delta): 723.99
Initial loglikelihood: -68688.4
Starting main algorithm
1 (QN/Block) 	Elapsed: 0.019	Loglikelihood: -57300.8	(delta): 11387.5
2 (QN/Block) 	Elapsed: 0.019	Loglikelihood: -53655.4	(delta): 3645.46
3 (QN/Block) 	Elapsed: 0.029	Loglikelihood: -51351.5	(delta): 2303.93
4 (QN/Block) 	Elapsed: 0.02	Loglikelihood: -49608	(delta): 1743.47
5 (QN/Block) 	Elapsed: 0.02	Loglikelihood: -48476.1	(delta): 1131.88
6 (QN/Block) 	Elapsed: 0.02	Loglikelihood: -48145.4	(delta): 330.671
7 (QN/Block) 	Elapsed: 0.019	Loglikelihood: -48032.8	(delta): 112.665
8 (QN/Block) 	Elapsed: 0.019	Loglikelihood: -48014.3	(delta): 18.4576
9 (QN/Block) 	Elapsed: 0.019	Loglikelihood: -48009.4	(delta): 4.90753
10 (QN/Block) 	Elapsed: 0.019	Loglikelihood: -48007.9	(delta): 1.45428
11 (QN/Block) 	Elapsed: 0.02	Loglikelihood: -48007.9	(delta): 0.0466395
12 (QN/Block) 	Elapsed: 0.02	Loglikelihood: -48007.9	(delta): 0.000225215
13 (QN/Block) 	Elapsed: 0.02	Loglikelihood: -48007.9	(delta): 3.73566e-06
Summary: 
Converged in 13 iterations (0.3 sec)
Loglikelihood: -48007.893950
Fst divergences between estimated populations: 
	Pop0	Pop1	
Pop0	
Pop1	0.266	
Pop2	0.372	0.409	
CV error (K=3): 0.44035
Writing output files.
