****                   ADMIXTURE Version 1.3.0                  ****
****                    Copyright 2008-2015                     ****
****           David Alexander, Suyash Shringarpure,            ****
****                John  Novembre, Ken Lange                   ****
****                                                            ****
****                 Please cite our paper!                     ****
****   Information at www.genetics.ucla.edu/software/admixture  ****

Cross-validation will be performed.  Folds=5.
Parallel execution requested.  Will use 10 threads.
Random seed: 43
Point estimation method: Block relaxation algorithm
Convergence acceleration algorithm: QuasiNewton, 3 secant conditions
Point estimation will terminate when objective function delta < 0.0001
Estimation of standard errors disabled; will compute point estimates only.
Size of G: 38x2975
Performing five EM steps to prime main algorithm
1 (EM) 	Elapsed: 0.043	Loglikelihood: -53889.1	(delta): 85516.2
2 (EM) 	Elapsed: 0.022	Loglikelihood: -49686.4	(delta): 4202.74
3 (EM) 	Elapsed: 0.019	Loglikelihood: -48362.1	(delta): 1324.32
4 (EM) 	Elapsed: 0.022	Loglikelihood: -47492.2	(delta): 869.816
5 (EM) 	Elapsed: 0.02	Loglikelihood: -46820.9	(delta): 671.361
Initial loglikelihood: -46820.9
Starting main algorithm
1 (QN/Block) 	Elapsed: 0.035	Loglikelihood: -42395.4	(delta): 4425.47
2 (QN/Block) 	Elapsed: 0.035	Loglikelihood: -40006.2	(delta): 2389.24
3 (QN/Block) 	Elapsed: 0.036	Loglikelihood: -38112.4	(delta): 1893.79
4 (QN/Block) 	Elapsed: 0.035	Loglikelihood: -37084	(delta): 1028.41
5 (QN/Block) 	Elapsed: 0.035	Loglikelihood: -36385.8	(delta): 698.134
6 (QN/Block) 	Elapsed: 0.034	Loglikelihood: -36074	(delta): 311.793
7 (QN/Block) 	Elapsed: 0.034	Loglikelihood: -35952.5	(delta): 121.583
8 (QN/Block) 	Elapsed: 0.034	Loglikelihood: -35897.6	(delta): 54.8633
9 (QN/Block) 	Elapsed: 0.035	Loglikelihood: -35870.5	(delta): 27.0858
10 (QN/Block) 	Elapsed: 0.036	Loglikelihood: -35864.2	(delta): 6.31285
11 (QN/Block) 	Elapsed: 0.035	Loglikelihood: -35862.7	(delta): 1.45074
12 (QN/Block) 	Elapsed: 0.036	Loglikelihood: -35861.9	(delta): 0.822159
13 (QN/Block) 	Elapsed: 0.036	Loglikelihood: -35861.6	(delta): 0.338487
14 (QN/Block) 	Elapsed: 0.035	Loglikelihood: -35861.4	(delta): 0.194809
15 (QN/Block) 	Elapsed: 0.035	Loglikelihood: -35861.2	(delta): 0.169612
16 (QN/Block) 	Elapsed: 0.035	Loglikelihood: -35861.1	(delta): 0.0728921
17 (QN/Block) 	Elapsed: 0.035	Loglikelihood: -35861.1	(delta): 0.0111324
18 (QN/Block) 	Elapsed: 0.035	Loglikelihood: -35861.1	(delta): 0.0028422
19 (QN/Block) 	Elapsed: 0.035	Loglikelihood: -35861.1	(delta): 0.000445102
20 (QN/Block) 	Elapsed: 0.035	Loglikelihood: -35861.1	(delta): 8.00127e-06
Summary: 
Converged in 20 iterations (0.909 sec)
Loglikelihood: -35861.134525
Fst divergences between estimated populations: 
	Pop0	Pop1	Pop2	
Pop0	
Pop1	0.557	
Pop2	0.374	0.514	
Pop3	0.314	0.489	0.136	
CV error (K=4): 0.65285
Writing output files.
