****                   ADMIXTURE Version 1.3.0                  ****
****                    Copyright 2008-2015                     ****
****           David Alexander, Suyash Shringarpure,            ****
****                John  Novembre, Ken Lange                   ****
****                                                            ****
****                 Please cite our paper!                     ****
****   Information at www.genetics.ucla.edu/software/admixture  ****

Cross-validation will be performed.  Folds=5.
Parallel execution requested.  Will use 10 threads.
Random seed: 43
Point estimation method: Block relaxation algorithm
Convergence acceleration algorithm: QuasiNewton, 3 secant conditions
Point estimation will terminate when objective function delta < 0.0001
Estimation of standard errors disabled; will compute point estimates only.
Size of G: 47x2202
Performing five EM steps to prime main algorithm
1 (EM) 	Elapsed: 0.008	Loglikelihood: -46069.3	(delta): 83303
2 (EM) 	Elapsed: 0.008	Loglikelihood: -42284.4	(delta): 3784.91
3 (EM) 	Elapsed: 0.007	Loglikelihood: -41171.6	(delta): 1112.84
4 (EM) 	Elapsed: 0.008	Loglikelihood: -40341.4	(delta): 830.211
5 (EM) 	Elapsed: 0.007	Loglikelihood: -39525.2	(delta): 816.19
Initial loglikelihood: -39525.2
Starting main algorithm
1 (QN/Block) 	Elapsed: 0.02	Loglikelihood: -30065.6	(delta): 9459.59
2 (QN/Block) 	Elapsed: 0.019	Loglikelihood: -27228.2	(delta): 2837.38
3 (QN/Block) 	Elapsed: 0.02	Loglikelihood: -25765	(delta): 1463.16
4 (QN/Block) 	Elapsed: 0.02	Loglikelihood: -25126	(delta): 639.083
5 (QN/Block) 	Elapsed: 0.02	Loglikelihood: -24828	(delta): 297.941
6 (QN/Block) 	Elapsed: 0.02	Loglikelihood: -24717.6	(delta): 110.439
7 (QN/Block) 	Elapsed: 0.02	Loglikelihood: -24664.7	(delta): 52.8677
8 (QN/Block) 	Elapsed: 0.02	Loglikelihood: -24647.3	(delta): 17.3621
9 (QN/Block) 	Elapsed: 0.02	Loglikelihood: -24643.1	(delta): 4.27708
10 (QN/Block) 	Elapsed: 0.02	Loglikelihood: -24642.4	(delta): 0.668519
11 (QN/Block) 	Elapsed: 0.02	Loglikelihood: -24641.7	(delta): 0.671479
12 (QN/Block) 	Elapsed: 0.02	Loglikelihood: -24641.4	(delta): 0.330643
13 (QN/Block) 	Elapsed: 0.02	Loglikelihood: -24641.4	(delta): 0.0375987
14 (QN/Block) 	Elapsed: 0.02	Loglikelihood: -24641.3	(delta): 0.0557275
15 (QN/Block) 	Elapsed: 0.02	Loglikelihood: -24641.3	(delta): 0.0158448
16 (QN/Block) 	Elapsed: 0.02	Loglikelihood: -24641.3	(delta): 0.0045927
17 (QN/Block) 	Elapsed: 0.02	Loglikelihood: -24641.3	(delta): 0.000136099
18 (QN/Block) 	Elapsed: 0.02	Loglikelihood: -24641.3	(delta): 3.8202e-05
Summary: 
Converged in 18 iterations (0.413 sec)
Loglikelihood: -24641.286244
Fst divergences between estimated populations: 
	Pop0	Pop1	Pop2	Pop3	
Pop0	
Pop1	0.377	
Pop2	0.466	0.435	
Pop3	0.300	0.131	0.412	
Pop4	0.551	0.520	0.481	0.485	
CV error (K=5): 0.47302
Writing output files.
