****                   ADMIXTURE Version 1.3.0                  ****
****                    Copyright 2008-2015                     ****
****           David Alexander, Suyash Shringarpure,            ****
****                John  Novembre, Ken Lange                   ****
****                                                            ****
****                 Please cite our paper!                     ****
****   Information at www.genetics.ucla.edu/software/admixture  ****

Cross-validation will be performed.  Folds=5.
Parallel execution requested.  Will use 10 threads.
Random seed: 43
Point estimation method: Block relaxation algorithm
Convergence acceleration algorithm: QuasiNewton, 3 secant conditions
Point estimation will terminate when objective function delta < 0.0001
Estimation of standard errors disabled; will compute point estimates only.
Size of G: 47x3692
Performing five EM steps to prime main algorithm
1 (EM) 	Elapsed: 0.007	Loglikelihood: -76354.3	(delta): 138799
2 (EM) 	Elapsed: 0.007	Loglikelihood: -69892.9	(delta): 6461.36
3 (EM) 	Elapsed: 0.007	Loglikelihood: -67942.4	(delta): 1950.59
4 (EM) 	Elapsed: 0.007	Loglikelihood: -66582.2	(delta): 1360.21
5 (EM) 	Elapsed: 0.007	Loglikelihood: -65394.6	(delta): 1187.54
Initial loglikelihood: -65394.6
Starting main algorithm
1 (QN/Block) 	Elapsed: 0.034	Loglikelihood: -50905.5	(delta): 14489.1
2 (QN/Block) 	Elapsed: 0.033	Loglikelihood: -46805.2	(delta): 4100.27
3 (QN/Block) 	Elapsed: 0.036	Loglikelihood: -43561.6	(delta): 3243.56
4 (QN/Block) 	Elapsed: 0.035	Loglikelihood: -41424.9	(delta): 2136.73
5 (QN/Block) 	Elapsed: 0.035	Loglikelihood: -40429.4	(delta): 995.531
6 (QN/Block) 	Elapsed: 0.034	Loglikelihood: -39941.1	(delta): 488.326
7 (QN/Block) 	Elapsed: 0.035	Loglikelihood: -39743.8	(delta): 197.226
8 (QN/Block) 	Elapsed: 0.035	Loglikelihood: -39690.3	(delta): 53.4948
9 (QN/Block) 	Elapsed: 0.034	Loglikelihood: -39661.3	(delta): 29.0057
10 (QN/Block) 	Elapsed: 0.034	Loglikelihood: -39637.8	(delta): 23.5735
11 (QN/Block) 	Elapsed: 0.034	Loglikelihood: -39616.2	(delta): 21.5139
12 (QN/Block) 	Elapsed: 0.035	Loglikelihood: -39581.3	(delta): 34.9514
13 (QN/Block) 	Elapsed: 0.035	Loglikelihood: -39512	(delta): 69.298
14 (QN/Block) 	Elapsed: 0.035	Loglikelihood: -39349.5	(delta): 162.472
15 (QN/Block) 	Elapsed: 0.035	Loglikelihood: -39203.4	(delta): 146.146
16 (QN/Block) 	Elapsed: 0.034	Loglikelihood: -39063.8	(delta): 139.576
17 (QN/Block) 	Elapsed: 0.034	Loglikelihood: -39019.9	(delta): 43.8698
18 (QN/Block) 	Elapsed: 0.035	Loglikelihood: -38989.7	(delta): 30.2627
19 (QN/Block) 	Elapsed: 0.034	Loglikelihood: -38979	(delta): 10.6459
20 (QN/Block) 	Elapsed: 0.034	Loglikelihood: -38976.6	(delta): 2.43126
21 (QN/Block) 	Elapsed: 0.034	Loglikelihood: -38975.4	(delta): 1.14235
22 (QN/Block) 	Elapsed: 0.034	Loglikelihood: -38975.3	(delta): 0.104961
23 (QN/Block) 	Elapsed: 0.034	Loglikelihood: -38975.3	(delta): 0.0105457
24 (QN/Block) 	Elapsed: 0.034	Loglikelihood: -38975.3	(delta): 0.000754071
25 (QN/Block) 	Elapsed: 0.034	Loglikelihood: -38975.3	(delta): 0.000118593
26 (QN/Block) 	Elapsed: 0.034	Loglikelihood: -38975.3	(delta): 2.38919e-05
Summary: 
Converged in 26 iterations (0.954 sec)
Loglikelihood: -38975.324544
Fst divergences between estimated populations: 
	Pop0	Pop1	Pop2	Pop3	Pop4	
Pop0	
Pop1	0.517	
Pop2	0.538	0.292	
Pop3	0.553	0.533	0.552	
Pop4	0.312	0.451	0.476	0.480	
Pop5	0.377	0.470	0.496	0.509	0.131	
CV error (K=6): 0.50699
Writing output files.
