****                   ADMIXTURE Version 1.3.0                  ****
****                    Copyright 2008-2015                     ****
****           David Alexander, Suyash Shringarpure,            ****
****                John  Novembre, Ken Lange                   ****
****                                                            ****
****                 Please cite our paper!                     ****
****   Information at www.genetics.ucla.edu/software/admixture  ****

Cross-validation will be performed.  Folds=5.
Parallel execution requested.  Will use 10 threads.
Random seed: 43
Point estimation method: Block relaxation algorithm
Convergence acceleration algorithm: QuasiNewton, 3 secant conditions
Point estimation will terminate when objective function delta < 0.0001
Estimation of standard errors disabled; will compute point estimates only.
Size of G: 47x2202
Performing five EM steps to prime main algorithm
1 (EM) 	Elapsed: 0.015	Loglikelihood: -45861.9	(delta): 80857.1
2 (EM) 	Elapsed: 0.014	Loglikelihood: -41701.5	(delta): 4160.37
3 (EM) 	Elapsed: 0.014	Loglikelihood: -40380.3	(delta): 1321.19
4 (EM) 	Elapsed: 0.012	Loglikelihood: -39365.8	(delta): 1014.47
5 (EM) 	Elapsed: 0.013	Loglikelihood: -38367	(delta): 998.871
Initial loglikelihood: -38367
Starting main algorithm
1 (QN/Block) 	Elapsed: 0.022	Loglikelihood: -28770.2	(delta): 9596.78
2 (QN/Block) 	Elapsed: 0.021	Loglikelihood: -26526.3	(delta): 2243.93
3 (QN/Block) 	Elapsed: 0.023	Loglikelihood: -24768.9	(delta): 1757.33
4 (QN/Block) 	Elapsed: 0.021	Loglikelihood: -23225.1	(delta): 1543.8
5 (QN/Block) 	Elapsed: 0.022	Loglikelihood: -22593.9	(delta): 631.191
6 (QN/Block) 	Elapsed: 0.021	Loglikelihood: -22328.9	(delta): 264.986
7 (QN/Block) 	Elapsed: 0.022	Loglikelihood: -22224.9	(delta): 104.087
8 (QN/Block) 	Elapsed: 0.021	Loglikelihood: -22193.4	(delta): 31.4486
9 (QN/Block) 	Elapsed: 0.022	Loglikelihood: -22184.8	(delta): 8.60401
10 (QN/Block) 	Elapsed: 0.021	Loglikelihood: -22183.7	(delta): 1.08967
11 (QN/Block) 	Elapsed: 0.022	Loglikelihood: -22183	(delta): 0.677781
12 (QN/Block) 	Elapsed: 0.022	Loglikelihood: -22182.9	(delta): 0.0985757
13 (QN/Block) 	Elapsed: 0.022	Loglikelihood: -22182.9	(delta): 0.00517925
14 (QN/Block) 	Elapsed: 0.021	Loglikelihood: -22182.9	(delta): 0.000171884
15 (QN/Block) 	Elapsed: 0.021	Loglikelihood: -22182.9	(delta): 1.04006e-05
Summary: 
Converged in 15 iterations (0.407 sec)
Loglikelihood: -22182.929323
Fst divergences between estimated populations: 
	Pop0	Pop1	Pop2	Pop3	Pop4	Pop5	
Pop0	
Pop1	0.530	
Pop2	0.482	0.201	
Pop3	0.513	0.455	0.383	
Pop4	0.280	0.549	0.504	0.527	
Pop5	0.535	0.585	0.528	0.552	0.547	
Pop6	0.455	0.238	0.133	0.307	0.476	0.490	
CV error (K=7): 0.51508
Writing output files.
