****                   ADMIXTURE Version 1.3.0                  ****
****                    Copyright 2008-2015                     ****
****           David Alexander, Suyash Shringarpure,            ****
****                John  Novembre, Ken Lange                   ****
****                                                            ****
****                 Please cite our paper!                     ****
****   Information at www.genetics.ucla.edu/software/admixture  ****

Cross-validation will be performed.  Folds=5.
Parallel execution requested.  Will use 10 threads.
Random seed: 43
Point estimation method: Block relaxation algorithm
Convergence acceleration algorithm: QuasiNewton, 3 secant conditions
Point estimation will terminate when objective function delta < 0.0001
Estimation of standard errors disabled; will compute point estimates only.
Size of G: 47x3692
Performing five EM steps to prime main algorithm
1 (EM) 	Elapsed: 0.016	Loglikelihood: -76296.3	(delta): 133940
2 (EM) 	Elapsed: 0.016	Loglikelihood: -69475.3	(delta): 6821
3 (EM) 	Elapsed: 0.016	Loglikelihood: -67344.5	(delta): 2130.76
4 (EM) 	Elapsed: 0.016	Loglikelihood: -65756.1	(delta): 1588.35
5 (EM) 	Elapsed: 0.016	Loglikelihood: -64311.9	(delta): 1444.29
Initial loglikelihood: -64311.9
Starting main algorithm
1 (QN/Block) 	Elapsed: 0.046	Loglikelihood: -48450.4	(delta): 15861.5
2 (QN/Block) 	Elapsed: 0.046	Loglikelihood: -43522.9	(delta): 4927.5
3 (QN/Block) 	Elapsed: 0.048	Loglikelihood: -41105	(delta): 2417.82
4 (QN/Block) 	Elapsed: 0.047	Loglikelihood: -39864.1	(delta): 1240.98
5 (QN/Block) 	Elapsed: 0.048	Loglikelihood: -38830.1	(delta): 1034
6 (QN/Block) 	Elapsed: 0.047	Loglikelihood: -38191.6	(delta): 638.499
7 (QN/Block) 	Elapsed: 0.047	Loglikelihood: -37821.7	(delta): 369.903
8 (QN/Block) 	Elapsed: 0.047	Loglikelihood: -37652.6	(delta): 169.118
9 (QN/Block) 	Elapsed: 0.047	Loglikelihood: -37570.7	(delta): 81.8094
10 (QN/Block) 	Elapsed: 0.047	Loglikelihood: -37520.6	(delta): 50.1759
11 (QN/Block) 	Elapsed: 0.048	Loglikelihood: -37450.2	(delta): 70.3279
12 (QN/Block) 	Elapsed: 0.047	Loglikelihood: -37392.7	(delta): 57.5589
13 (QN/Block) 	Elapsed: 0.047	Loglikelihood: -37351.9	(delta): 40.7886
14 (QN/Block) 	Elapsed: 0.048	Loglikelihood: -37326.1	(delta): 25.8266
15 (QN/Block) 	Elapsed: 0.048	Loglikelihood: -37320.7	(delta): 5.38187
16 (QN/Block) 	Elapsed: 0.047	Loglikelihood: -37319.8	(delta): 0.914423
17 (QN/Block) 	Elapsed: 0.047	Loglikelihood: -37315.1	(delta): 4.65558
18 (QN/Block) 	Elapsed: 0.048	Loglikelihood: -37310.6	(delta): 4.46598
19 (QN/Block) 	Elapsed: 0.047	Loglikelihood: -37307.9	(delta): 2.71757
20 (QN/Block) 	Elapsed: 0.051	Loglikelihood: -37305.6	(delta): 2.32302
21 (QN/Block) 	Elapsed: 0.05	Loglikelihood: -37301.5	(delta): 4.08032
22 (QN/Block) 	Elapsed: 0.05	Loglikelihood: -37298.7	(delta): 2.82805
23 (QN/Block) 	Elapsed: 0.05	Loglikelihood: -37296.1	(delta): 2.60498
24 (QN/Block) 	Elapsed: 0.051	Loglikelihood: -37291.7	(delta): 4.37037
25 (QN/Block) 	Elapsed: 0.051	Loglikelihood: -37281.8	(delta): 9.8954
26 (QN/Block) 	Elapsed: 0.051	Loglikelihood: -37276.8	(delta): 5.05375
27 (QN/Block) 	Elapsed: 0.051	Loglikelihood: -37268.7	(delta): 8.10933
28 (QN/Block) 	Elapsed: 0.051	Loglikelihood: -37266.1	(delta): 2.55672
29 (QN/Block) 	Elapsed: 0.05	Loglikelihood: -37262.1	(delta): 4.01693
30 (QN/Block) 	Elapsed: 0.05	Loglikelihood: -37261.9	(delta): 0.211329
31 (QN/Block) 	Elapsed: 0.05	Loglikelihood: -37261.9	(delta): 0.0118719
32 (QN/Block) 	Elapsed: 0.05	Loglikelihood: -37261.9	(delta): 0.00229873
33 (QN/Block) 	Elapsed: 0.05	Loglikelihood: -37261.9	(delta): 0.000722963
34 (QN/Block) 	Elapsed: 0.05	Loglikelihood: -37261.9	(delta): 5.57096e-05
Summary: 
Converged in 34 iterations (1.769 sec)
Loglikelihood: -37261.862088
Fst divergences between estimated populations: 
	Pop0	Pop1	Pop2	Pop3	Pop4	Pop5	Pop6	
Pop0	
Pop1	0.445	
Pop2	0.476	0.388	
Pop3	0.450	0.215	0.343	
Pop4	0.484	0.534	0.561	0.529	
Pop5	0.448	0.152	0.401	0.218	0.534	
Pop6	0.434	0.185	0.340	0.188	0.513	0.188	
Pop7	0.498	0.278	0.473	0.321	0.596	0.233	0.298	
CV error (K=8): 0.55570
Writing output files.
