****                   ADMIXTURE Version 1.3.0                  ****
****                    Copyright 2008-2015                     ****
****           David Alexander, Suyash Shringarpure,            ****
****                John  Novembre, Ken Lange                   ****
****                                                            ****
****                 Please cite our paper!                     ****
****   Information at www.genetics.ucla.edu/software/admixture  ****

Cross-validation will be performed.  Folds=5.
Parallel execution requested.  Will use 10 threads.
Random seed: 43
Point estimation method: Block relaxation algorithm
Convergence acceleration algorithm: QuasiNewton, 3 secant conditions
Point estimation will terminate when objective function delta < 0.0001
Estimation of standard errors disabled; will compute point estimates only.
Size of G: 38x2975
Performing five EM steps to prime main algorithm
1 (EM) 	Elapsed: 0.032	Loglikelihood: -53860	(delta): 78719.2
2 (EM) 	Elapsed: 0.033	Loglikelihood: -49199.6	(delta): 4660.36
3 (EM) 	Elapsed: 0.034	Loglikelihood: -47614	(delta): 1585.64
4 (EM) 	Elapsed: 0.032	Loglikelihood: -46422	(delta): 1191.94
5 (EM) 	Elapsed: 0.034	Loglikelihood: -45367.9	(delta): 1054.14
Initial loglikelihood: -45367.9
Starting main algorithm
1 (QN/Block) 	Elapsed: 0.054	Loglikelihood: -36084.2	(delta): 9283.66
2 (QN/Block) 	Elapsed: 0.054	Loglikelihood: -33067.3	(delta): 3016.97
3 (QN/Block) 	Elapsed: 0.057	Loglikelihood: -31216.6	(delta): 1850.67
4 (QN/Block) 	Elapsed: 0.056	Loglikelihood: -30158.7	(delta): 1057.84
5 (QN/Block) 	Elapsed: 0.055	Loglikelihood: -29671.2	(delta): 487.536
6 (QN/Block) 	Elapsed: 0.056	Loglikelihood: -29452.4	(delta): 218.774
7 (QN/Block) 	Elapsed: 0.056	Loglikelihood: -29368.5	(delta): 83.8916
8 (QN/Block) 	Elapsed: 0.055	Loglikelihood: -29314.2	(delta): 54.3904
9 (QN/Block) 	Elapsed: 0.056	Loglikelihood: -29256.8	(delta): 57.3154
10 (QN/Block) 	Elapsed: 0.056	Loglikelihood: -29192.2	(delta): 64.6102
11 (QN/Block) 	Elapsed: 0.055	Loglikelihood: -29159.1	(delta): 33.1548
12 (QN/Block) 	Elapsed: 0.056	Loglikelihood: -29146.4	(delta): 12.6378
13 (QN/Block) 	Elapsed: 0.057	Loglikelihood: -29133.1	(delta): 13.2919
14 (QN/Block) 	Elapsed: 0.056	Loglikelihood: -29121	(delta): 12.1943
15 (QN/Block) 	Elapsed: 0.058	Loglikelihood: -29118.9	(delta): 2.04004
16 (QN/Block) 	Elapsed: 0.056	Loglikelihood: -29118.8	(delta): 0.073102
17 (QN/Block) 	Elapsed: 0.056	Loglikelihood: -29118.7	(delta): 0.0925759
18 (QN/Block) 	Elapsed: 0.056	Loglikelihood: -29118.7	(delta): 0.0723459
19 (QN/Block) 	Elapsed: 0.056	Loglikelihood: -29118.6	(delta): 0.0375735
20 (QN/Block) 	Elapsed: 0.056	Loglikelihood: -29118.6	(delta): 0.0461971
21 (QN/Block) 	Elapsed: 0.056	Loglikelihood: -29118.4	(delta): 0.167657
22 (QN/Block) 	Elapsed: 0.056	Loglikelihood: -29118	(delta): 0.443863
23 (QN/Block) 	Elapsed: 0.056	Loglikelihood: -29117.7	(delta): 0.282227
24 (QN/Block) 	Elapsed: 0.056	Loglikelihood: -29117.6	(delta): 0.0999795
25 (QN/Block) 	Elapsed: 0.055	Loglikelihood: -29117.5	(delta): 0.0520076
26 (QN/Block) 	Elapsed: 0.056	Loglikelihood: -29117.5	(delta): 0.0470828
27 (QN/Block) 	Elapsed: 0.056	Loglikelihood: -29117.5	(delta): 0.000943788
28 (QN/Block) 	Elapsed: 0.055	Loglikelihood: -29117.5	(delta): 0.00317502
29 (QN/Block) 	Elapsed: 0.056	Loglikelihood: -29117.5	(delta): 0.000509319
30 (QN/Block) 	Elapsed: 0.055	Loglikelihood: -29117.5	(delta): 2.4782e-05
Summary: 
Converged in 30 iterations (1.894 sec)
Loglikelihood: -29117.493372
Fst divergences between estimated populations: 
	Pop0	Pop1	Pop2	Pop3	Pop4	Pop5	Pop6	Pop7	
Pop0	
Pop1	0.191	
Pop2	0.508	0.415	
Pop3	0.438	0.344	0.408	
Pop4	0.243	0.181	0.469	0.405	
Pop5	0.156	0.170	0.492	0.429	0.224	
Pop6	0.544	0.498	0.666	0.589	0.541	0.535	
Pop7	0.217	0.248	0.563	0.485	0.302	0.218	0.597	
Pop8	0.286	0.308	0.596	0.522	0.363	0.286	0.615	0.325	
CV error (K=9): 0.87413
Writing output files.
