****                   ADMIXTURE Version 1.3.0                  ****
****                    Copyright 2008-2015                     ****
****           David Alexander, Suyash Shringarpure,            ****
****                John  Novembre, Ken Lange                   ****
****                                                            ****
****                 Please cite our paper!                     ****
****   Information at www.genetics.ucla.edu/software/admixture  ****

Cross-validation will be performed.  Folds=5.
Parallel execution requested.  Will use 10 threads.
Random seed: 43
Point estimation method: Block relaxation algorithm
Convergence acceleration algorithm: QuasiNewton, 3 secant conditions
Point estimation will terminate when objective function delta < 0.0001
Estimation of standard errors disabled; will compute point estimates only.
Size of G: 34x3502
Performing five EM steps to prime main algorithm
1 (EM) 	Elapsed: 0.042	Loglikelihood: -44796.7	(delta): 149677
2 (EM) 	Elapsed: 0.004	Loglikelihood: -44796.7	(delta): 0
3 (EM) 	Elapsed: 0.004	Loglikelihood: -44796.7	(delta): -7.27596e-12
4 (EM) 	Elapsed: 0.004	Loglikelihood: -44796.7	(delta): 7.27596e-12
5 (EM) 	Elapsed: 0.004	Loglikelihood: -44796.7	(delta): 0
Initial loglikelihood: -44796.7
Starting main algorithm
1 (QN/Block) 	Elapsed: 0.011	Loglikelihood: -44796.7	(delta): 1.45519e-11
Summary: 
Converged in 1 iterations (0.126 sec)
Loglikelihood: -44796.689928
CV error (K=1): 0.53896
Writing output files.
