****                   ADMIXTURE Version 1.3.0                  ****
****                    Copyright 2008-2015                     ****
****           David Alexander, Suyash Shringarpure,            ****
****                John  Novembre, Ken Lange                   ****
****                                                            ****
****                 Please cite our paper!                     ****
****   Information at www.genetics.ucla.edu/software/admixture  ****

Cross-validation will be performed.  Folds=5.
Parallel execution requested.  Will use 10 threads.
Random seed: 43
Point estimation method: Block relaxation algorithm
Convergence acceleration algorithm: QuasiNewton, 3 secant conditions
Point estimation will terminate when objective function delta < 0.0001
Estimation of standard errors disabled; will compute point estimates only.
Size of G: 34x3502
Performing five EM steps to prime main algorithm
1 (EM) 	Elapsed: 0.032	Loglikelihood: -46670.6	(delta): 94884.5
2 (EM) 	Elapsed: 0.032	Loglikelihood: -42221.5	(delta): 4449.07
3 (EM) 	Elapsed: 0.032	Loglikelihood: -40837.6	(delta): 1383.95
4 (EM) 	Elapsed: 0.032	Loglikelihood: -39875.9	(delta): 961.657
5 (EM) 	Elapsed: 0.032	Loglikelihood: -39078.4	(delta): 797.506
Initial loglikelihood: -39078.4
Starting main algorithm
1 (QN/Block) 	Elapsed: 0.062	Loglikelihood: -31590.6	(delta): 7487.77
2 (QN/Block) 	Elapsed: 0.06	Loglikelihood: -29166.8	(delta): 2423.82
3 (QN/Block) 	Elapsed: 0.065	Loglikelihood: -27661.8	(delta): 1505.04
4 (QN/Block) 	Elapsed: 0.063	Loglikelihood: -26631.5	(delta): 1030.23
5 (QN/Block) 	Elapsed: 0.065	Loglikelihood: -26174.8	(delta): 456.739
6 (QN/Block) 	Elapsed: 0.063	Loglikelihood: -25992.1	(delta): 182.686
7 (QN/Block) 	Elapsed: 0.063	Loglikelihood: -25911.1	(delta): 81.0064
8 (QN/Block) 	Elapsed: 0.063	Loglikelihood: -25824.3	(delta): 86.7945
9 (QN/Block) 	Elapsed: 0.063	Loglikelihood: -25762.2	(delta): 62.1303
10 (QN/Block) 	Elapsed: 0.062	Loglikelihood: -25751.9	(delta): 10.2738
11 (QN/Block) 	Elapsed: 0.063	Loglikelihood: -25751	(delta): 0.954402
12 (QN/Block) 	Elapsed: 0.063	Loglikelihood: -25750.6	(delta): 0.390695
13 (QN/Block) 	Elapsed: 0.063	Loglikelihood: -25750.6	(delta): 6.99483e-06
Summary: 
Converged in 13 iterations (1.003 sec)
Loglikelihood: -25750.568272
Fst divergences between estimated populations: 
	Pop0	Pop1	Pop2	Pop3	Pop4	Pop5	Pop6	Pop7	Pop8	
Pop0	
Pop1	0.309	
Pop2	0.320	0.228	
Pop3	0.388	0.306	0.252	
Pop4	0.450	0.396	0.310	0.388	
Pop5	0.363	0.281	0.217	0.290	0.343	
Pop6	0.436	0.340	0.287	0.347	0.420	0.335	
Pop7	0.307	0.257	0.265	0.343	0.418	0.312	0.373	
Pop8	0.346	0.252	0.269	0.345	0.423	0.319	0.383	0.281	
Pop9	0.286	0.189	0.219	0.286	0.387	0.272	0.329	0.232	0.237	
CV error (K=10): 0.81012
Writing output files.
