****                   ADMIXTURE Version 1.3.0                  ****
****                    Copyright 2008-2015                     ****
****           David Alexander, Suyash Shringarpure,            ****
****                John  Novembre, Ken Lange                   ****
****                                                            ****
****                 Please cite our paper!                     ****
****   Information at www.genetics.ucla.edu/software/admixture  ****

Cross-validation will be performed.  Folds=5.
Parallel execution requested.  Will use 10 threads.
Random seed: 43
Point estimation method: Block relaxation algorithm
Convergence acceleration algorithm: QuasiNewton, 3 secant conditions
Point estimation will terminate when objective function delta < 0.0001
Estimation of standard errors disabled; will compute point estimates only.
Size of G: 34x3502
Performing five EM steps to prime main algorithm
1 (EM) 	Elapsed: 0.024	Loglikelihood: -45900.7	(delta): 124507
2 (EM) 	Elapsed: 0.015	Loglikelihood: -43670	(delta): 2230.74
3 (EM) 	Elapsed: 0.014	Loglikelihood: -43153.8	(delta): 516.154
4 (EM) 	Elapsed: 0.015	Loglikelihood: -42915.1	(delta): 238.666
5 (EM) 	Elapsed: 0.015	Loglikelihood: -42783.8	(delta): 131.34
Initial loglikelihood: -42783.8
Starting main algorithm
1 (QN/Block) 	Elapsed: 0.026	Loglikelihood: -41148	(delta): 1635.76
2 (QN/Block) 	Elapsed: 0.026	Loglikelihood: -40150.5	(delta): 997.498
3 (QN/Block) 	Elapsed: 0.027	Loglikelihood: -39578.5	(delta): 572.045
4 (QN/Block) 	Elapsed: 0.026	Loglikelihood: -39289.4	(delta): 289.136
5 (QN/Block) 	Elapsed: 0.026	Loglikelihood: -39121.4	(delta): 167.933
6 (QN/Block) 	Elapsed: 0.027	Loglikelihood: -39098	(delta): 23.4338
7 (QN/Block) 	Elapsed: 0.027	Loglikelihood: -39096	(delta): 1.98877
8 (QN/Block) 	Elapsed: 0.027	Loglikelihood: -39095.1	(delta): 0.899299
9 (QN/Block) 	Elapsed: 0.027	Loglikelihood: -39094	(delta): 1.07103
10 (QN/Block) 	Elapsed: 0.027	Loglikelihood: -39092.8	(delta): 1.27105
11 (QN/Block) 	Elapsed: 0.027	Loglikelihood: -39091.3	(delta): 1.5037
12 (QN/Block) 	Elapsed: 0.027	Loglikelihood: -39089.5	(delta): 1.7743
13 (QN/Block) 	Elapsed: 0.027	Loglikelihood: -39087.5	(delta): 1.98388
14 (QN/Block) 	Elapsed: 0.027	Loglikelihood: -39085.2	(delta): 2.27733
15 (QN/Block) 	Elapsed: 0.027	Loglikelihood: -39082.7	(delta): 2.53565
16 (QN/Block) 	Elapsed: 0.027	Loglikelihood: -39079.6	(delta): 3.06578
17 (QN/Block) 	Elapsed: 0.027	Loglikelihood: -39071.5	(delta): 8.11566
18 (QN/Block) 	Elapsed: 0.028	Loglikelihood: -39068.3	(delta): 3.18785
19 (QN/Block) 	Elapsed: 0.027	Loglikelihood: -39067.4	(delta): 0.931554
20 (QN/Block) 	Elapsed: 0.027	Loglikelihood: -39066.7	(delta): 0.645374
21 (QN/Block) 	Elapsed: 0.026	Loglikelihood: -39066.6	(delta): 0.169364
22 (QN/Block) 	Elapsed: 0.027	Loglikelihood: -39066.5	(delta): 0.0672896
23 (QN/Block) 	Elapsed: 0.027	Loglikelihood: -39066.5	(delta): 0.0196161
24 (QN/Block) 	Elapsed: 0.027	Loglikelihood: -39066.5	(delta): 0.0050657
25 (QN/Block) 	Elapsed: 0.027	Loglikelihood: -39066.5	(delta): 0.000146924
26 (QN/Block) 	Elapsed: 0.026	Loglikelihood: -39066.5	(delta): 1.82781e-05
Summary: 
Converged in 26 iterations (0.849 sec)
Loglikelihood: -39066.482995
Fst divergences between estimated populations: 
	Pop0	
Pop0	
Pop1	0.234	
CV error (K=2): 0.52490
Writing output files.
