****                   ADMIXTURE Version 1.3.0                  ****
****                    Copyright 2008-2015                     ****
****           David Alexander, Suyash Shringarpure,            ****
****                John  Novembre, Ken Lange                   ****
****                                                            ****
****                 Please cite our paper!                     ****
****   Information at www.genetics.ucla.edu/software/admixture  ****

Cross-validation will be performed.  Folds=5.
Parallel execution requested.  Will use 10 threads.
Random seed: 43
Point estimation method: Block relaxation algorithm
Convergence acceleration algorithm: QuasiNewton, 3 secant conditions
Point estimation will terminate when objective function delta < 0.0001
Estimation of standard errors disabled; will compute point estimates only.
Size of G: 34x3502
Performing five EM steps to prime main algorithm
1 (EM) 	Elapsed: 0.018	Loglikelihood: -46864.3	(delta): 104409
2 (EM) 	Elapsed: 0.017	Loglikelihood: -42960.5	(delta): 3903.85
3 (EM) 	Elapsed: 0.015	Loglikelihood: -41874.7	(delta): 1085.8
4 (EM) 	Elapsed: 0.016	Loglikelihood: -41215.7	(delta): 658.983
5 (EM) 	Elapsed: 0.015	Loglikelihood: -40736.9	(delta): 478.766
Initial loglikelihood: -40736.9
Starting main algorithm
1 (QN/Block) 	Elapsed: 0.038	Loglikelihood: -37464.1	(delta): 3272.87
2 (QN/Block) 	Elapsed: 0.038	Loglikelihood: -35844.8	(delta): 1619.28
3 (QN/Block) 	Elapsed: 0.04	Loglikelihood: -35145.9	(delta): 698.888
4 (QN/Block) 	Elapsed: 0.039	Loglikelihood: -34655.1	(delta): 490.763
5 (QN/Block) 	Elapsed: 0.039	Loglikelihood: -34277.5	(delta): 377.632
6 (QN/Block) 	Elapsed: 0.039	Loglikelihood: -34049.4	(delta): 228.12
7 (QN/Block) 	Elapsed: 0.04	Loglikelihood: -33882.4	(delta): 166.965
8 (QN/Block) 	Elapsed: 0.039	Loglikelihood: -33773.8	(delta): 108.651
9 (QN/Block) 	Elapsed: 0.039	Loglikelihood: -33761	(delta): 12.7891
10 (QN/Block) 	Elapsed: 0.039	Loglikelihood: -33759	(delta): 1.98827
11 (QN/Block) 	Elapsed: 0.039	Loglikelihood: -33758.6	(delta): 0.402029
12 (QN/Block) 	Elapsed: 0.039	Loglikelihood: -33758.5	(delta): 0.0444449
13 (QN/Block) 	Elapsed: 0.039	Loglikelihood: -33758.5	(delta): 0.0102797
14 (QN/Block) 	Elapsed: 0.039	Loglikelihood: -33758.5	(delta): 0.00365039
15 (QN/Block) 	Elapsed: 0.039	Loglikelihood: -33758.5	(delta): 0.00028461
16 (QN/Block) 	Elapsed: 0.039	Loglikelihood: -33758.5	(delta): 3.3534e-05
Summary: 
Converged in 16 iterations (0.76 sec)
Loglikelihood: -33758.526645
Fst divergences between estimated populations: 
	Pop0	Pop1	Pop2	
Pop0	
Pop1	0.283	
Pop2	0.149	0.350	
Pop3	0.132	0.327	0.165	
CV error (K=4): 0.66037
Writing output files.
