****                   ADMIXTURE Version 1.3.0                  ****
****                    Copyright 2008-2015                     ****
****           David Alexander, Suyash Shringarpure,            ****
****                John  Novembre, Ken Lange                   ****
****                                                            ****
****                 Please cite our paper!                     ****
****   Information at www.genetics.ucla.edu/software/admixture  ****

Cross-validation will be performed.  Folds=5.
Parallel execution requested.  Will use 10 threads.
Random seed: 43
Point estimation method: Block relaxation algorithm
Convergence acceleration algorithm: QuasiNewton, 3 secant conditions
Point estimation will terminate when objective function delta < 0.0001
Estimation of standard errors disabled; will compute point estimates only.
Size of G: 34x3502
Performing five EM steps to prime main algorithm
1 (EM) 	Elapsed: 0.013	Loglikelihood: -47314	(delta): 100066
2 (EM) 	Elapsed: 0.013	Loglikelihood: -43293.2	(delta): 4020.82
3 (EM) 	Elapsed: 0.013	Loglikelihood: -42237	(delta): 1056.16
4 (EM) 	Elapsed: 0.013	Loglikelihood: -41601.5	(delta): 635.475
5 (EM) 	Elapsed: 0.013	Loglikelihood: -41128.3	(delta): 473.264
Initial loglikelihood: -41128.3
Starting main algorithm
1 (QN/Block) 	Elapsed: 0.046	Loglikelihood: -37333.3	(delta): 3794.96
2 (QN/Block) 	Elapsed: 0.045	Loglikelihood: -36158.8	(delta): 1174.48
3 (QN/Block) 	Elapsed: 0.047	Loglikelihood: -35538.5	(delta): 620.284
4 (QN/Block) 	Elapsed: 0.048	Loglikelihood: -34808.8	(delta): 729.706
5 (QN/Block) 	Elapsed: 0.047	Loglikelihood: -33207.4	(delta): 1601.45
6 (QN/Block) 	Elapsed: 0.047	Loglikelihood: -32702.1	(delta): 505.319
7 (QN/Block) 	Elapsed: 0.047	Loglikelihood: -32536.7	(delta): 165.369
8 (QN/Block) 	Elapsed: 0.047	Loglikelihood: -32442	(delta): 94.7216
9 (QN/Block) 	Elapsed: 0.046	Loglikelihood: -32377.5	(delta): 64.5019
10 (QN/Block) 	Elapsed: 0.046	Loglikelihood: -32324.5	(delta): 52.967
11 (QN/Block) 	Elapsed: 0.046	Loglikelihood: -32241.3	(delta): 83.1797
12 (QN/Block) 	Elapsed: 0.047	Loglikelihood: -32206.1	(delta): 35.2736
13 (QN/Block) 	Elapsed: 0.046	Loglikelihood: -32131.6	(delta): 74.4465
14 (QN/Block) 	Elapsed: 0.047	Loglikelihood: -32090.3	(delta): 41.2868
15 (QN/Block) 	Elapsed: 0.048	Loglikelihood: -32067.1	(delta): 23.2334
16 (QN/Block) 	Elapsed: 0.046	Loglikelihood: -32033.9	(delta): 33.232
17 (QN/Block) 	Elapsed: 0.047	Loglikelihood: -31976.3	(delta): 57.5718
18 (QN/Block) 	Elapsed: 0.047	Loglikelihood: -31914.2	(delta): 62.0679
19 (QN/Block) 	Elapsed: 0.047	Loglikelihood: -31859.6	(delta): 54.6612
20 (QN/Block) 	Elapsed: 0.04	Loglikelihood: -31782.1	(delta): 77.4283
21 (QN/Block) 	Elapsed: 0.042	Loglikelihood: -31760.9	(delta): 21.1797
22 (QN/Block) 	Elapsed: 0.041	Loglikelihood: -31753.9	(delta): 7.08195
23 (QN/Block) 	Elapsed: 0.041	Loglikelihood: -31747.1	(delta): 6.75144
24 (QN/Block) 	Elapsed: 0.042	Loglikelihood: -31743.1	(delta): 3.98424
25 (QN/Block) 	Elapsed: 0.041	Loglikelihood: -31742	(delta): 1.14516
26 (QN/Block) 	Elapsed: 0.042	Loglikelihood: -31724	(delta): 17.9511
27 (QN/Block) 	Elapsed: 0.042	Loglikelihood: -31671	(delta): 53.059
28 (QN/Block) 	Elapsed: 0.041	Loglikelihood: -31625.9	(delta): 45.0514
29 (QN/Block) 	Elapsed: 0.04	Loglikelihood: -31603.8	(delta): 22.0763
30 (QN/Block) 	Elapsed: 0.041	Loglikelihood: -31601	(delta): 2.89185
31 (QN/Block) 	Elapsed: 0.041	Loglikelihood: -31600.2	(delta): 0.746785
32 (QN/Block) 	Elapsed: 0.041	Loglikelihood: -31600.1	(delta): 0.0836218
33 (QN/Block) 	Elapsed: 0.04	Loglikelihood: -31600.1	(delta): 0.000250025
34 (QN/Block) 	Elapsed: 0.041	Loglikelihood: -31600.1	(delta): 1.55233e-05
Summary: 
Converged in 34 iterations (1.635 sec)
Loglikelihood: -31600.124705
Fst divergences between estimated populations: 
	Pop0	Pop1	Pop2	Pop3	
Pop0	
Pop1	0.406	
Pop2	0.306	0.241	
Pop3	0.355	0.181	0.152	
Pop4	0.299	0.256	0.147	0.176	
CV error (K=5): 0.70372
Writing output files.
