****                   ADMIXTURE Version 1.3.0                  ****
****                    Copyright 2008-2015                     ****
****           David Alexander, Suyash Shringarpure,            ****
****                John  Novembre, Ken Lange                   ****
****                                                            ****
****                 Please cite our paper!                     ****
****   Information at www.genetics.ucla.edu/software/admixture  ****

Cross-validation will be performed.  Folds=5.
Parallel execution requested.  Will use 10 threads.
Random seed: 43
Point estimation method: Block relaxation algorithm
Convergence acceleration algorithm: QuasiNewton, 3 secant conditions
Point estimation will terminate when objective function delta < 0.0001
Estimation of standard errors disabled; will compute point estimates only.
Size of G: 34x3502
Performing five EM steps to prime main algorithm
1 (EM) 	Elapsed: 0.017	Loglikelihood: -46986.6	(delta): 98948.9
2 (EM) 	Elapsed: 0.017	Loglikelihood: -42848.3	(delta): 4138.36
3 (EM) 	Elapsed: 0.017	Loglikelihood: -41669.3	(delta): 1179.01
4 (EM) 	Elapsed: 0.017	Loglikelihood: -40921.1	(delta): 748.201
5 (EM) 	Elapsed: 0.017	Loglikelihood: -40355.1	(delta): 565.969
Initial loglikelihood: -40355.1
Starting main algorithm
1 (QN/Block) 	Elapsed: 0.056	Loglikelihood: -35161.6	(delta): 5193.49
2 (QN/Block) 	Elapsed: 0.056	Loglikelihood: -32658.8	(delta): 2502.79
3 (QN/Block) 	Elapsed: 0.059	Loglikelihood: -31396.8	(delta): 1262.06
4 (QN/Block) 	Elapsed: 0.057	Loglikelihood: -30836	(delta): 560.727
5 (QN/Block) 	Elapsed: 0.057	Loglikelihood: -30590.1	(delta): 245.9
6 (QN/Block) 	Elapsed: 0.058	Loglikelihood: -30488.2	(delta): 101.892
7 (QN/Block) 	Elapsed: 0.057	Loglikelihood: -30440.3	(delta): 47.8987
8 (QN/Block) 	Elapsed: 0.057	Loglikelihood: -30419.9	(delta): 20.4702
9 (QN/Block) 	Elapsed: 0.057	Loglikelihood: -30410.1	(delta): 9.81097
10 (QN/Block) 	Elapsed: 0.057	Loglikelihood: -30410	(delta): 0.0749629
11 (QN/Block) 	Elapsed: 0.056	Loglikelihood: -30410	(delta): 3.19022e-05
Summary: 
Converged in 11 iterations (0.741 sec)
Loglikelihood: -30409.979510
Fst divergences between estimated populations: 
	Pop0	Pop1	Pop2	Pop3	Pop4	
Pop0	
Pop1	0.144	
Pop2	0.175	0.174	
Pop3	0.173	0.170	0.136	
Pop4	0.253	0.253	0.192	0.228	
Pop5	0.316	0.308	0.362	0.349	0.409	
CV error (K=6): 0.79415
Writing output files.
