****                   ADMIXTURE Version 1.3.0                  ****
****                    Copyright 2008-2015                     ****
****           David Alexander, Suyash Shringarpure,            ****
****                John  Novembre, Ken Lange                   ****
****                                                            ****
****                 Please cite our paper!                     ****
****   Information at www.genetics.ucla.edu/software/admixture  ****

Cross-validation will be performed.  Folds=5.
Parallel execution requested.  Will use 10 threads.
Random seed: 43
Point estimation method: Block relaxation algorithm
Convergence acceleration algorithm: QuasiNewton, 3 secant conditions
Point estimation will terminate when objective function delta < 0.0001
Estimation of standard errors disabled; will compute point estimates only.
Size of G: 34x3502
Performing five EM steps to prime main algorithm
1 (EM) 	Elapsed: 0.036	Loglikelihood: -46890	(delta): 98259.6
2 (EM) 	Elapsed: 0.023	Loglikelihood: -42529.4	(delta): 4360.63
3 (EM) 	Elapsed: 0.022	Loglikelihood: -41227.3	(delta): 1302.07
4 (EM) 	Elapsed: 0.023	Loglikelihood: -40390.8	(delta): 836.475
5 (EM) 	Elapsed: 0.022	Loglikelihood: -39757.8	(delta): 633.065
Initial loglikelihood: -39757.8
Starting main algorithm
1 (QN/Block) 	Elapsed: 0.066	Loglikelihood: -34283.7	(delta): 5474.1
2 (QN/Block) 	Elapsed: 0.067	Loglikelihood: -32189.4	(delta): 2094.22
3 (QN/Block) 	Elapsed: 0.069	Loglikelihood: -31186.8	(delta): 1002.67
4 (QN/Block) 	Elapsed: 0.067	Loglikelihood: -30472	(delta): 714.768
5 (QN/Block) 	Elapsed: 0.066	Loglikelihood: -29849.3	(delta): 622.678
6 (QN/Block) 	Elapsed: 0.066	Loglikelihood: -29343.3	(delta): 506.041
7 (QN/Block) 	Elapsed: 0.065	Loglikelihood: -29151.2	(delta): 192.075
8 (QN/Block) 	Elapsed: 0.066	Loglikelihood: -29096.1	(delta): 55.1348
9 (QN/Block) 	Elapsed: 0.067	Loglikelihood: -29088.1	(delta): 7.97544
10 (QN/Block) 	Elapsed: 0.066	Loglikelihood: -29087.7	(delta): 0.364584
11 (QN/Block) 	Elapsed: 0.067	Loglikelihood: -29087.6	(delta): 0.157114
12 (QN/Block) 	Elapsed: 0.065	Loglikelihood: -29083.3	(delta): 4.2683
13 (QN/Block) 	Elapsed: 0.068	Loglikelihood: -29075.9	(delta): 7.45713
14 (QN/Block) 	Elapsed: 0.067	Loglikelihood: -29072.2	(delta): 3.60997
15 (QN/Block) 	Elapsed: 0.065	Loglikelihood: -29070.6	(delta): 1.61432
16 (QN/Block) 	Elapsed: 0.063	Loglikelihood: -29070.6	(delta): 0.029737
17 (QN/Block) 	Elapsed: 0.065	Loglikelihood: -29070.6	(delta): 0.00617792
18 (QN/Block) 	Elapsed: 0.064	Loglikelihood: -29070.6	(delta): 0.0110312
19 (QN/Block) 	Elapsed: 0.063	Loglikelihood: -29070.6	(delta): 0.00623101
20 (QN/Block) 	Elapsed: 0.067	Loglikelihood: -29070.6	(delta): 0.00259932
21 (QN/Block) 	Elapsed: 0.063	Loglikelihood: -29070.6	(delta): 0.00167695
22 (QN/Block) 	Elapsed: 0.066	Loglikelihood: -29070.6	(delta): 0.0141278
23 (QN/Block) 	Elapsed: 0.068	Loglikelihood: -29070.5	(delta): 0.0154999
24 (QN/Block) 	Elapsed: 0.061	Loglikelihood: -29070.5	(delta): 0.0123298
25 (QN/Block) 	Elapsed: 0.068	Loglikelihood: -29070.5	(delta): 0.0123917
26 (QN/Block) 	Elapsed: 0.063	Loglikelihood: -29070.5	(delta): 0.023046
27 (QN/Block) 	Elapsed: 0.065	Loglikelihood: -29070.5	(delta): 0.0429036
28 (QN/Block) 	Elapsed: 0.066	Loglikelihood: -29070.4	(delta): 0.0795007
29 (QN/Block) 	Elapsed: 0.063	Loglikelihood: -29070.2	(delta): 0.146247
30 (QN/Block) 	Elapsed: 0.064	Loglikelihood: -29070.1	(delta): 0.0921189
31 (QN/Block) 	Elapsed: 0.067	Loglikelihood: -29070.1	(delta): 9.60599e-06
Summary: 
Converged in 31 iterations (2.232 sec)
Loglikelihood: -29070.139010
Fst divergences between estimated populations: 
	Pop0	Pop1	Pop2	Pop3	Pop4	Pop5	
Pop0	
Pop1	0.195	
Pop2	0.240	0.150	
Pop3	0.256	0.177	0.186	
Pop4	0.263	0.191	0.193	0.177	
Pop5	0.408	0.363	0.356	0.337	0.313	
Pop6	0.299	0.222	0.230	0.215	0.196	0.351	
CV error (K=7): 0.86318
Writing output files.
