****                   ADMIXTURE Version 1.3.0                  ****
****                    Copyright 2008-2015                     ****
****           David Alexander, Suyash Shringarpure,            ****
****                John  Novembre, Ken Lange                   ****
****                                                            ****
****                 Please cite our paper!                     ****
****   Information at www.genetics.ucla.edu/software/admixture  ****

Cross-validation will be performed.  Folds=5.
Parallel execution requested.  Will use 10 threads.
Random seed: 43
Point estimation method: Block relaxation algorithm
Convergence acceleration algorithm: QuasiNewton, 3 secant conditions
Point estimation will terminate when objective function delta < 0.0001
Estimation of standard errors disabled; will compute point estimates only.
Size of G: 34x3502
Performing five EM steps to prime main algorithm
1 (EM) 	Elapsed: 0.02	Loglikelihood: -46710.8	(delta): 97161.4
2 (EM) 	Elapsed: 0.021	Loglikelihood: -42315.8	(delta): 4395.04
3 (EM) 	Elapsed: 0.02	Loglikelihood: -41001.1	(delta): 1314.67
4 (EM) 	Elapsed: 0.021	Loglikelihood: -40157.1	(delta): 844.006
5 (EM) 	Elapsed: 0.02	Loglikelihood: -39509.9	(delta): 647.27
Initial loglikelihood: -39509.9
Starting main algorithm
1 (QN/Block) 	Elapsed: 0.052	Loglikelihood: -33551.1	(delta): 5958.79
2 (QN/Block) 	Elapsed: 0.052	Loglikelihood: -31083.2	(delta): 2467.87
3 (QN/Block) 	Elapsed: 0.056	Loglikelihood: -29844.8	(delta): 1238.35
4 (QN/Block) 	Elapsed: 0.054	Loglikelihood: -28883.4	(delta): 961.437
5 (QN/Block) 	Elapsed: 0.054	Loglikelihood: -28379.3	(delta): 504.143
6 (QN/Block) 	Elapsed: 0.054	Loglikelihood: -28194.1	(delta): 185.202
7 (QN/Block) 	Elapsed: 0.054	Loglikelihood: -28144.4	(delta): 49.6901
8 (QN/Block) 	Elapsed: 0.053	Loglikelihood: -28135	(delta): 9.35975
9 (QN/Block) 	Elapsed: 0.055	Loglikelihood: -28133	(delta): 2.00695
10 (QN/Block) 	Elapsed: 0.054	Loglikelihood: -28133	(delta): 0.0425315
11 (QN/Block) 	Elapsed: 0.054	Loglikelihood: -28133	(delta): 5.80384e-06
Summary: 
Converged in 11 iterations (0.723 sec)
Loglikelihood: -28132.961870
Fst divergences between estimated populations: 
	Pop0	Pop1	Pop2	Pop3	Pop4	Pop5	Pop6	
Pop0	
Pop1	0.239	
Pop2	0.224	0.219	
Pop3	0.335	0.383	0.360	
Pop4	0.167	0.207	0.182	0.304	
Pop5	0.280	0.252	0.258	0.414	0.252	
Pop6	0.337	0.311	0.311	0.448	0.299	0.303	
Pop7	0.232	0.189	0.205	0.385	0.207	0.223	0.288	
CV error (K=8): 0.82222
Writing output files.
