****                   ADMIXTURE Version 1.3.0                  ****
****                    Copyright 2008-2015                     ****
****           David Alexander, Suyash Shringarpure,            ****
****                John  Novembre, Ken Lange                   ****
****                                                            ****
****                 Please cite our paper!                     ****
****   Information at www.genetics.ucla.edu/software/admixture  ****

Cross-validation will be performed.  Folds=5.
Parallel execution requested.  Will use 10 threads.
Random seed: 43
Point estimation method: Block relaxation algorithm
Convergence acceleration algorithm: QuasiNewton, 3 secant conditions
Point estimation will terminate when objective function delta < 0.0001
Estimation of standard errors disabled; will compute point estimates only.
Size of G: 34x1953
Performing five EM steps to prime main algorithm
1 (EM) 	Elapsed: 0.014	Loglikelihood: -26084	(delta): 53006.1
2 (EM) 	Elapsed: 0.013	Loglikelihood: -23518.7	(delta): 2565.33
3 (EM) 	Elapsed: 0.012	Loglikelihood: -22729.3	(delta): 789.431
4 (EM) 	Elapsed: 0.011	Loglikelihood: -22184.7	(delta): 544.59
5 (EM) 	Elapsed: 0.011	Loglikelihood: -21754.4	(delta): 430.318
Initial loglikelihood: -21754.4
Starting main algorithm
1 (QN/Block) 	Elapsed: 0.019	Loglikelihood: -17926.2	(delta): 3828.16
2 (QN/Block) 	Elapsed: 0.018	Loglikelihood: -16310	(delta): 1616.16
3 (QN/Block) 	Elapsed: 0.019	Loglikelihood: -15571.7	(delta): 738.306
4 (QN/Block) 	Elapsed: 0.018	Loglikelihood: -15260.6	(delta): 311.173
5 (QN/Block) 	Elapsed: 0.018	Loglikelihood: -15165.7	(delta): 94.8335
6 (QN/Block) 	Elapsed: 0.018	Loglikelihood: -15140.4	(delta): 25.3646
7 (QN/Block) 	Elapsed: 0.018	Loglikelihood: -15135	(delta): 5.30926
8 (QN/Block) 	Elapsed: 0.019	Loglikelihood: -15134.5	(delta): 0.550731
9 (QN/Block) 	Elapsed: 0.018	Loglikelihood: -15132.6	(delta): 1.86474
10 (QN/Block) 	Elapsed: 0.018	Loglikelihood: -15132.2	(delta): 0.459598
11 (QN/Block) 	Elapsed: 0.018	Loglikelihood: -15132.1	(delta): 0.0270229
12 (QN/Block) 	Elapsed: 0.018	Loglikelihood: -15132.1	(delta): 0.000394803
13 (QN/Block) 	Elapsed: 0.018	Loglikelihood: -15132.1	(delta): 3.83988e-05
Summary: 
Converged in 13 iterations (0.311 sec)
Loglikelihood: -15132.145657
Fst divergences between estimated populations: 
	Pop0	Pop1	Pop2	Pop3	Pop4	Pop5	Pop6	Pop7	
Pop0	
Pop1	0.232	
Pop2	0.446	0.371	
Pop3	0.217	0.250	0.448	
Pop4	0.264	0.202	0.400	0.280	
Pop5	0.178	0.197	0.415	0.199	0.223	
Pop6	0.466	0.389	0.363	0.467	0.419	0.432	
Pop7	0.282	0.286	0.485	0.263	0.314	0.253	0.507	
Pop8	0.225	0.202	0.409	0.234	0.237	0.189	0.429	0.287	
CV error (K=9): 0.85928
Writing output files.
