PLINK v1.9.0-b.7.7 64-bit (22 Oct 2024)
Options in effect:
  --allow-extra-chr
  --double-id
  --make-bed
  --out binary_fileset
  --vcf sterrhoptilusadmix_nooutgroup.vcf.gz

Hostname: r30r18n02
Working directory: /kuhpc/work/bi/a619f280/phil.stachyris/admix_ordered_correct/all
Start time: Wed Oct 22 14:15:50 2025

Random number seed: 1761160550
96293 MB RAM detected; reserving 48146 MB for main workspace.
--vcf: binary_fileset-temporary.bed + binary_fileset-temporary.bim +
binary_fileset-temporary.fam written.
4703 variants loaded from .bim file.
47 people (0 males, 0 females, 47 ambiguous) loaded from .fam.
Ambiguous sex IDs written to binary_fileset.nosex .
Using 1 thread (no multithreaded calculations invoked).
Before main variant filters, 47 founders and 0 nonfounders present.
Calculating allele frequencies... done.
Total genotyping rate is 0.82235.
4703 variants and 47 people pass filters and QC.
Note: No phenotypes present.
--make-bed to binary_fileset.bed + binary_fileset.bim + binary_fileset.fam ...
done.

End time: Wed Oct 22 14:15:50 2025
