****                   ADMIXTURE Version 1.3.0                  ****
****                    Copyright 2008-2015                     ****
****           David Alexander, Suyash Shringarpure,            ****
****                John  Novembre, Ken Lange                   ****
****                                                            ****
****                 Please cite our paper!                     ****
****   Information at www.genetics.ucla.edu/software/admixture  ****

Cross-validation will be performed.  Folds=5.
Parallel execution requested.  Will use 10 threads.
Random seed: 43
Point estimation method: Block relaxation algorithm
Convergence acceleration algorithm: QuasiNewton, 3 secant conditions
Point estimation will terminate when objective function delta < 0.0001
Estimation of standard errors disabled; will compute point estimates only.
Size of G: 47x4703
Performing five EM steps to prime main algorithm
1 (EM) 	Elapsed: 0.004	Loglikelihood: -65268.2	(delta): 301382
2 (EM) 	Elapsed: 0.004	Loglikelihood: -65268.2	(delta): 0
3 (EM) 	Elapsed: 0.004	Loglikelihood: -65268.2	(delta): 0
4 (EM) 	Elapsed: 0.004	Loglikelihood: -65268.2	(delta): 7.27596e-12
5 (EM) 	Elapsed: 0.004	Loglikelihood: -65268.2	(delta): -7.27596e-12
Initial loglikelihood: -65268.2
Starting main algorithm
1 (QN/Block) 	Elapsed: 0.018	Loglikelihood: -65268.2	(delta): 0
Summary: 
Converged in 1 iterations (0.069 sec)
Loglikelihood: -65268.186724
CV error (K=1): 0.44322
Writing output files.
