****                   ADMIXTURE Version 1.3.0                  ****
****                    Copyright 2008-2015                     ****
****           David Alexander, Suyash Shringarpure,            ****
****                John  Novembre, Ken Lange                   ****
****                                                            ****
****                 Please cite our paper!                     ****
****   Information at www.genetics.ucla.edu/software/admixture  ****

Cross-validation will be performed.  Folds=5.
Parallel execution requested.  Will use 10 threads.
Random seed: 43
Point estimation method: Block relaxation algorithm
Convergence acceleration algorithm: QuasiNewton, 3 secant conditions
Point estimation will terminate when objective function delta < 0.0001
Estimation of standard errors disabled; will compute point estimates only.
Size of G: 47x4703
Performing five EM steps to prime main algorithm
1 (EM) 	Elapsed: 0.039	Loglikelihood: -69563.4	(delta): 193960
2 (EM) 	Elapsed: 0.042	Loglikelihood: -62149.1	(delta): 7414.31
3 (EM) 	Elapsed: 0.048	Loglikelihood: -60244.7	(delta): 1904.32
4 (EM) 	Elapsed: 0.041	Loglikelihood: -58910.3	(delta): 1334.45
5 (EM) 	Elapsed: 0.042	Loglikelihood: -57732.2	(delta): 1178.13
Initial loglikelihood: -57732.2
Starting main algorithm
1 (QN/Block) 	Elapsed: 0.075	Loglikelihood: -42724.5	(delta): 15007.7
2 (QN/Block) 	Elapsed: 0.075	Loglikelihood: -37760.3	(delta): 4964.19
3 (QN/Block) 	Elapsed: 0.08	Loglikelihood: -35280.1	(delta): 2480.24
4 (QN/Block) 	Elapsed: 0.079	Loglikelihood: -32868.3	(delta): 2411.78
5 (QN/Block) 	Elapsed: 0.077	Loglikelihood: -31899.8	(delta): 968.44
6 (QN/Block) 	Elapsed: 0.079	Loglikelihood: -31507.7	(delta): 392.111
7 (QN/Block) 	Elapsed: 0.078	Loglikelihood: -31348.9	(delta): 158.865
8 (QN/Block) 	Elapsed: 0.078	Loglikelihood: -31245.9	(delta): 102.918
9 (QN/Block) 	Elapsed: 0.078	Loglikelihood: -31203.2	(delta): 42.6907
10 (QN/Block) 	Elapsed: 0.078	Loglikelihood: -31172	(delta): 31.2319
11 (QN/Block) 	Elapsed: 0.078	Loglikelihood: -31164.3	(delta): 7.74471
12 (QN/Block) 	Elapsed: 0.077	Loglikelihood: -31161	(delta): 3.23982
13 (QN/Block) 	Elapsed: 0.078	Loglikelihood: -31158.1	(delta): 2.9281
14 (QN/Block) 	Elapsed: 0.078	Loglikelihood: -31155.2	(delta): 2.87318
15 (QN/Block) 	Elapsed: 0.077	Loglikelihood: -31152.3	(delta): 2.88158
16 (QN/Block) 	Elapsed: 0.078	Loglikelihood: -31151.4	(delta): 0.926725
17 (QN/Block) 	Elapsed: 0.078	Loglikelihood: -31151.2	(delta): 0.269118
18 (QN/Block) 	Elapsed: 0.077	Loglikelihood: -31151.2	(delta): 0.00023781
19 (QN/Block) 	Elapsed: 0.078	Loglikelihood: -31151.2	(delta): 7.65328e-06
Summary: 
Converged in 19 iterations (1.718 sec)
Loglikelihood: -31151.151602
Fst divergences between estimated populations: 
	Pop0	Pop1	Pop2	Pop3	Pop4	Pop5	Pop6	Pop7	Pop8	
Pop0	
Pop1	0.450	
Pop2	0.265	0.501	
Pop3	0.417	0.185	0.465	
Pop4	0.457	0.248	0.511	0.201	
Pop5	0.447	0.360	0.496	0.314	0.359	
Pop6	0.435	0.238	0.487	0.173	0.258	0.364	
Pop7	0.453	0.494	0.498	0.454	0.507	0.483	0.480	
Pop8	0.497	0.357	0.553	0.289	0.377	0.463	0.284	0.554	
Pop9	0.435	0.218	0.489	0.148	0.242	0.372	0.163	0.483	0.260	
CV error (K=10): 0.44694
Writing output files.
