****                   ADMIXTURE Version 1.3.0                  ****
****                    Copyright 2008-2015                     ****
****           David Alexander, Suyash Shringarpure,            ****
****                John  Novembre, Ken Lange                   ****
****                                                            ****
****                 Please cite our paper!                     ****
****   Information at www.genetics.ucla.edu/software/admixture  ****

Cross-validation will be performed.  Folds=5.
Parallel execution requested.  Will use 10 threads.
Random seed: 43
Point estimation method: Block relaxation algorithm
Convergence acceleration algorithm: QuasiNewton, 3 secant conditions
Point estimation will terminate when objective function delta < 0.0001
Estimation of standard errors disabled; will compute point estimates only.
Size of G: 47x4703
Performing five EM steps to prime main algorithm
1 (EM) 	Elapsed: 0.008	Loglikelihood: -69772.9	(delta): 223468
2 (EM) 	Elapsed: 0.009	Loglikelihood: -64062.8	(delta): 5710.15
3 (EM) 	Elapsed: 0.009	Loglikelihood: -62941.5	(delta): 1121.24
4 (EM) 	Elapsed: 0.009	Loglikelihood: -62283.2	(delta): 658.326
5 (EM) 	Elapsed: 0.009	Loglikelihood: -61792.7	(delta): 490.49
Initial loglikelihood: -61792.7
Starting main algorithm
1 (QN/Block) 	Elapsed: 0.026	Loglikelihood: -54044.4	(delta): 7748.33
2 (QN/Block) 	Elapsed: 0.025	Loglikelihood: -50235.7	(delta): 3808.71
3 (QN/Block) 	Elapsed: 0.028	Loglikelihood: -48210.8	(delta): 2024.86
4 (QN/Block) 	Elapsed: 0.027	Loglikelihood: -46881	(delta): 1329.82
5 (QN/Block) 	Elapsed: 0.027	Loglikelihood: -45850.2	(delta): 1030.78
6 (QN/Block) 	Elapsed: 0.027	Loglikelihood: -45381.2	(delta): 469.051
7 (QN/Block) 	Elapsed: 0.028	Loglikelihood: -45262.6	(delta): 118.557
8 (QN/Block) 	Elapsed: 0.027	Loglikelihood: -45231.1	(delta): 31.5217
9 (QN/Block) 	Elapsed: 0.027	Loglikelihood: -45213.3	(delta): 17.7334
10 (QN/Block) 	Elapsed: 0.026	Loglikelihood: -45197.6	(delta): 15.7198
11 (QN/Block) 	Elapsed: 0.027	Loglikelihood: -45181.5	(delta): 16.1601
12 (QN/Block) 	Elapsed: 0.026	Loglikelihood: -45139.6	(delta): 41.846
13 (QN/Block) 	Elapsed: 0.027	Loglikelihood: -45125.5	(delta): 14.0738
14 (QN/Block) 	Elapsed: 0.026	Loglikelihood: -45123.2	(delta): 2.3474
15 (QN/Block) 	Elapsed: 0.027	Loglikelihood: -45122	(delta): 1.21563
16 (QN/Block) 	Elapsed: 0.026	Loglikelihood: -45121.6	(delta): 0.405949
17 (QN/Block) 	Elapsed: 0.027	Loglikelihood: -45121.3	(delta): 0.32154
18 (QN/Block) 	Elapsed: 0.027	Loglikelihood: -45121.2	(delta): 0.0237573
19 (QN/Block) 	Elapsed: 0.026	Loglikelihood: -45121.2	(delta): 0.00198219
20 (QN/Block) 	Elapsed: 0.026	Loglikelihood: -45121.2	(delta): 0.000416185
21 (QN/Block) 	Elapsed: 0.027	Loglikelihood: -45121.2	(delta): 3.65608e-05
Summary: 
Converged in 21 iterations (0.63 sec)
Loglikelihood: -45121.227304
Fst divergences between estimated populations: 
	Pop0	Pop1	
Pop0	
Pop1	0.240	
Pop2	0.329	0.361	
CV error (K=3): 0.36946
Writing output files.
