****                   ADMIXTURE Version 1.3.0                  ****
****                    Copyright 2008-2015                     ****
****           David Alexander, Suyash Shringarpure,            ****
****                John  Novembre, Ken Lange                   ****
****                                                            ****
****                 Please cite our paper!                     ****
****   Information at www.genetics.ucla.edu/software/admixture  ****

Cross-validation will be performed.  Folds=5.
Parallel execution requested.  Will use 10 threads.
Random seed: 43
Point estimation method: Block relaxation algorithm
Convergence acceleration algorithm: QuasiNewton, 3 secant conditions
Point estimation will terminate when objective function delta < 0.0001
Estimation of standard errors disabled; will compute point estimates only.
Size of G: 47x3689
Performing five EM steps to prime main algorithm
1 (EM) 	Elapsed: 0.005	Loglikelihood: -54827.3	(delta): 162803
2 (EM) 	Elapsed: 0.005	Loglikelihood: -49569.9	(delta): 5257.37
3 (EM) 	Elapsed: 0.005	Loglikelihood: -48331.5	(delta): 1238.4
4 (EM) 	Elapsed: 0.005	Loglikelihood: -47551	(delta): 780.468
5 (EM) 	Elapsed: 0.005	Loglikelihood: -46905.8	(delta): 645.281
Initial loglikelihood: -46905.8
Starting main algorithm
1 (QN/Block) 	Elapsed: 0.022	Loglikelihood: -37108.8	(delta): 9796.98
2 (QN/Block) 	Elapsed: 0.022	Loglikelihood: -34573.9	(delta): 2534.92
3 (QN/Block) 	Elapsed: 0.023	Loglikelihood: -32481.5	(delta): 2092.35
4 (QN/Block) 	Elapsed: 0.023	Loglikelihood: -31371.5	(delta): 1109.98
5 (QN/Block) 	Elapsed: 0.022	Loglikelihood: -30732.1	(delta): 639.403
6 (QN/Block) 	Elapsed: 0.023	Loglikelihood: -30366.2	(delta): 365.942
7 (QN/Block) 	Elapsed: 0.023	Loglikelihood: -30141.1	(delta): 225.132
8 (QN/Block) 	Elapsed: 0.022	Loglikelihood: -30035.7	(delta): 105.331
9 (QN/Block) 	Elapsed: 0.022	Loglikelihood: -30007.1	(delta): 28.6846
10 (QN/Block) 	Elapsed: 0.023	Loglikelihood: -29992.5	(delta): 14.5326
11 (QN/Block) 	Elapsed: 0.023	Loglikelihood: -29959.9	(delta): 32.6606
12 (QN/Block) 	Elapsed: 0.022	Loglikelihood: -29956.8	(delta): 3.01662
13 (QN/Block) 	Elapsed: 0.023	Loglikelihood: -29944.4	(delta): 12.4152
14 (QN/Block) 	Elapsed: 0.023	Loglikelihood: -29915.5	(delta): 28.9216
15 (QN/Block) 	Elapsed: 0.023	Loglikelihood: -29891.3	(delta): 24.1639
16 (QN/Block) 	Elapsed: 0.023	Loglikelihood: -29885.2	(delta): 6.12859
17 (QN/Block) 	Elapsed: 0.023	Loglikelihood: -29882.3	(delta): 2.92176
18 (QN/Block) 	Elapsed: 0.023	Loglikelihood: -29882.1	(delta): 0.220676
19 (QN/Block) 	Elapsed: 0.023	Loglikelihood: -29882	(delta): 0.0820936
20 (QN/Block) 	Elapsed: 0.023	Loglikelihood: -29882	(delta): 1.53741e-05
Summary: 
Converged in 20 iterations (0.494 sec)
Loglikelihood: -29881.991923
Fst divergences between estimated populations: 
	Pop0	Pop1	Pop2	Pop3	
Pop0	
Pop1	0.343	
Pop2	0.413	0.392	
Pop3	0.275	0.120	0.374	
Pop4	0.478	0.466	0.422	0.440	
CV error (K=5): 0.40334
Writing output files.
