****                   ADMIXTURE Version 1.3.0                  ****
****                    Copyright 2008-2015                     ****
****           David Alexander, Suyash Shringarpure,            ****
****                John  Novembre, Ken Lange                   ****
****                                                            ****
****                 Please cite our paper!                     ****
****   Information at www.genetics.ucla.edu/software/admixture  ****

Cross-validation will be performed.  Folds=5.
Parallel execution requested.  Will use 10 threads.
Random seed: 43
Point estimation method: Block relaxation algorithm
Convergence acceleration algorithm: QuasiNewton, 3 secant conditions
Point estimation will terminate when objective function delta < 0.0001
Estimation of standard errors disabled; will compute point estimates only.
Size of G: 47x3689
Performing five EM steps to prime main algorithm
1 (EM) 	Elapsed: 0.013	Loglikelihood: -54401.6	(delta): 158878
2 (EM) 	Elapsed: 0.013	Loglikelihood: -48678.9	(delta): 5722.74
3 (EM) 	Elapsed: 0.013	Loglikelihood: -47159.4	(delta): 1519.46
4 (EM) 	Elapsed: 0.013	Loglikelihood: -46157.4	(delta): 1002.03
5 (EM) 	Elapsed: 0.013	Loglikelihood: -45315.6	(delta): 841.826
Initial loglikelihood: -45315.6
Starting main algorithm
1 (QN/Block) 	Elapsed: 0.035	Loglikelihood: -35348.5	(delta): 9967.08
2 (QN/Block) 	Elapsed: 0.034	Loglikelihood: -32362.5	(delta): 2986.01
3 (QN/Block) 	Elapsed: 0.036	Loglikelihood: -29958	(delta): 2404.49
4 (QN/Block) 	Elapsed: 0.035	Loglikelihood: -28289.7	(delta): 1668.25
5 (QN/Block) 	Elapsed: 0.036	Loglikelihood: -27575.1	(delta): 714.669
6 (QN/Block) 	Elapsed: 0.035	Loglikelihood: -27173.1	(delta): 401.988
7 (QN/Block) 	Elapsed: 0.035	Loglikelihood: -26983	(delta): 190.126
8 (QN/Block) 	Elapsed: 0.035	Loglikelihood: -26891.2	(delta): 91.7126
9 (QN/Block) 	Elapsed: 0.035	Loglikelihood: -26849.5	(delta): 41.7428
10 (QN/Block) 	Elapsed: 0.035	Loglikelihood: -26835.4	(delta): 14.0788
11 (QN/Block) 	Elapsed: 0.036	Loglikelihood: -26833.6	(delta): 1.82036
12 (QN/Block) 	Elapsed: 0.036	Loglikelihood: -26828	(delta): 5.59685
13 (QN/Block) 	Elapsed: 0.035	Loglikelihood: -26819.9	(delta): 8.07293
14 (QN/Block) 	Elapsed: 0.035	Loglikelihood: -26815.7	(delta): 4.20037
15 (QN/Block) 	Elapsed: 0.036	Loglikelihood: -26815.7	(delta): 0.0329351
16 (QN/Block) 	Elapsed: 0.035	Loglikelihood: -26815.7	(delta): 8.17132e-05
Summary: 
Converged in 16 iterations (0.643 sec)
Loglikelihood: -26815.704691
Fst divergences between estimated populations: 
	Pop0	Pop1	Pop2	Pop3	Pop4	Pop5	
Pop0	
Pop1	0.465	
Pop2	0.422	0.175	
Pop3	0.443	0.413	0.350	
Pop4	0.256	0.518	0.473	0.488	
Pop5	0.452	0.521	0.470	0.479	0.496	
Pop6	0.400	0.214	0.121	0.278	0.446	0.439	
CV error (K=7): 0.42312
Writing output files.
