****                   ADMIXTURE Version 1.3.0                  ****
****                    Copyright 2008-2015                     ****
****           David Alexander, Suyash Shringarpure,            ****
****                John  Novembre, Ken Lange                   ****
****                                                            ****
****                 Please cite our paper!                     ****
****   Information at www.genetics.ucla.edu/software/admixture  ****

Cross-validation will be performed.  Folds=5.
Parallel execution requested.  Will use 10 threads.
Random seed: 43
Point estimation method: Block relaxation algorithm
Convergence acceleration algorithm: QuasiNewton, 3 secant conditions
Point estimation will terminate when objective function delta < 0.0001
Estimation of standard errors disabled; will compute point estimates only.
Size of G: 47x3689
Performing five EM steps to prime main algorithm
1 (EM) 	Elapsed: 0.016	Loglikelihood: -54544.5	(delta): 154178
2 (EM) 	Elapsed: 0.016	Loglikelihood: -48837.2	(delta): 5707.21
3 (EM) 	Elapsed: 0.016	Loglikelihood: -47342.5	(delta): 1494.77
4 (EM) 	Elapsed: 0.016	Loglikelihood: -46286.1	(delta): 1056.33
5 (EM) 	Elapsed: 0.016	Loglikelihood: -45336.4	(delta): 949.739
Initial loglikelihood: -45336.4
Starting main algorithm
1 (QN/Block) 	Elapsed: 0.053	Loglikelihood: -33968.3	(delta): 11368.1
2 (QN/Block) 	Elapsed: 0.053	Loglikelihood: -30448.7	(delta): 3519.59
3 (QN/Block) 	Elapsed: 0.056	Loglikelihood: -28739.5	(delta): 1709.23
4 (QN/Block) 	Elapsed: 0.055	Loglikelihood: -27773.4	(delta): 966.109
5 (QN/Block) 	Elapsed: 0.055	Loglikelihood: -27208.1	(delta): 565.262
6 (QN/Block) 	Elapsed: 0.054	Loglikelihood: -26837.5	(delta): 370.633
7 (QN/Block) 	Elapsed: 0.055	Loglikelihood: -26667.1	(delta): 170.317
8 (QN/Block) 	Elapsed: 0.055	Loglikelihood: -26580.3	(delta): 86.816
9 (QN/Block) 	Elapsed: 0.055	Loglikelihood: -26547	(delta): 33.3193
10 (QN/Block) 	Elapsed: 0.054	Loglikelihood: -26537.5	(delta): 9.46161
11 (QN/Block) 	Elapsed: 0.055	Loglikelihood: -26533.6	(delta): 3.95345
12 (QN/Block) 	Elapsed: 0.055	Loglikelihood: -26533.5	(delta): 0.0489781
13 (QN/Block) 	Elapsed: 0.055	Loglikelihood: -26533.5	(delta): 0.00417942
14 (QN/Block) 	Elapsed: 0.054	Loglikelihood: -26533.5	(delta): 0.00352425
15 (QN/Block) 	Elapsed: 0.055	Loglikelihood: -26533.5	(delta): 0.00175817
16 (QN/Block) 	Elapsed: 0.055	Loglikelihood: -26533.5	(delta): 0.00355368
17 (QN/Block) 	Elapsed: 0.056	Loglikelihood: -26533.5	(delta): 0.00119183
18 (QN/Block) 	Elapsed: 0.054	Loglikelihood: -26533.5	(delta): 1.68795e-05
Summary: 
Converged in 18 iterations (1.082 sec)
Loglikelihood: -26533.525635
Fst divergences between estimated populations: 
	Pop0	Pop1	Pop2	Pop3	Pop4	Pop5	Pop6	Pop7	
Pop0	
Pop1	0.427	
Pop2	0.387	0.415	
Pop3	0.513	0.438	0.515	
Pop4	0.476	0.470	0.293	0.578	
Pop5	0.590	0.547	0.629	0.622	0.700	
Pop6	0.381	0.406	0.135	0.499	0.244	0.606	
Pop7	0.334	0.400	0.196	0.492	0.314	0.587	0.185	
Pop8	0.310	0.386	0.182	0.472	0.298	0.564	0.168	0.150	
CV error (K=9): 0.46672
Writing output files.
