PLINK v1.9.0-b.7.7 64-bit (22 Oct 2024)
Options in effect:
  --allow-extra-chr
  --double-id
  --make-bed
  --out binary_fileset
  --vcf sterrhoptilusadmix_nocapitalis.vcf.gz

Hostname: r10r08n03
Working directory: /kuhpc/work/bi/a619f280/phil.stachyris/admix_ordered_correct/nocap
Start time: Wed Oct 22 14:18:49 2025

Random number seed: 1761160729
128807 MB RAM detected; reserving 64403 MB for main workspace.
--vcf: binary_fileset-temporary.bed + binary_fileset-temporary.bim +
binary_fileset-temporary.fam written.
3998 variants loaded from .bim file.
38 people (0 males, 0 females, 38 ambiguous) loaded from .fam.
Ambiguous sex IDs written to binary_fileset.nosex .
Using 1 thread (no multithreaded calculations invoked).
Before main variant filters, 38 founders and 0 nonfounders present.
Calculating allele frequencies... done.
Total genotyping rate is 0.801526.
3998 variants and 38 people pass filters and QC.
Note: No phenotypes present.
--make-bed to binary_fileset.bed + binary_fileset.bim + binary_fileset.fam ...
done.

End time: Wed Oct 22 14:18:49 2025
