****                   ADMIXTURE Version 1.3.0                  ****
****                    Copyright 2008-2015                     ****
****           David Alexander, Suyash Shringarpure,            ****
****                John  Novembre, Ken Lange                   ****
****                                                            ****
****                 Please cite our paper!                     ****
****   Information at www.genetics.ucla.edu/software/admixture  ****

Cross-validation will be performed.  Folds=5.
Parallel execution requested.  Will use 10 threads.
Random seed: 43
Point estimation method: Block relaxation algorithm
Convergence acceleration algorithm: QuasiNewton, 3 secant conditions
Point estimation will terminate when objective function delta < 0.0001
Estimation of standard errors disabled; will compute point estimates only.
Size of G: 38x3998
Performing five EM steps to prime main algorithm
1 (EM) 	Elapsed: 0.033	Loglikelihood: -52352.5	(delta): 124513
2 (EM) 	Elapsed: 0.034	Loglikelihood: -46858.8	(delta): 5493.64
3 (EM) 	Elapsed: 0.033	Loglikelihood: -45239.2	(delta): 1619.67
4 (EM) 	Elapsed: 0.034	Loglikelihood: -44092.8	(delta): 1146.41
5 (EM) 	Elapsed: 0.033	Loglikelihood: -43120.2	(delta): 972.616
Initial loglikelihood: -43120.2
Starting main algorithm
1 (QN/Block) 	Elapsed: 0.086	Loglikelihood: -34053.5	(delta): 9066.61
2 (QN/Block) 	Elapsed: 0.081	Loglikelihood: -30758.5	(delta): 3295.09
3 (QN/Block) 	Elapsed: 0.085	Loglikelihood: -29003	(delta): 1755.5
4 (QN/Block) 	Elapsed: 0.083	Loglikelihood: -27851.7	(delta): 1151.26
5 (QN/Block) 	Elapsed: 0.085	Loglikelihood: -27401.7	(delta): 450.016
6 (QN/Block) 	Elapsed: 0.084	Loglikelihood: -27200.6	(delta): 201.059
7 (QN/Block) 	Elapsed: 0.082	Loglikelihood: -27094.6	(delta): 106.066
8 (QN/Block) 	Elapsed: 0.084	Loglikelihood: -27059.3	(delta): 35.2403
9 (QN/Block) 	Elapsed: 0.083	Loglikelihood: -27046.6	(delta): 12.6916
10 (QN/Block) 	Elapsed: 0.087	Loglikelihood: -27041.1	(delta): 5.52825
11 (QN/Block) 	Elapsed: 0.084	Loglikelihood: -27036.7	(delta): 4.38292
12 (QN/Block) 	Elapsed: 0.085	Loglikelihood: -27033.9	(delta): 2.76362
13 (QN/Block) 	Elapsed: 0.082	Loglikelihood: -27033.7	(delta): 0.29464
14 (QN/Block) 	Elapsed: 0.083	Loglikelihood: -27033.5	(delta): 0.147005
15 (QN/Block) 	Elapsed: 0.082	Loglikelihood: -27033.5	(delta): 0.0316349
16 (QN/Block) 	Elapsed: 0.083	Loglikelihood: -27033.4	(delta): 0.0335455
17 (QN/Block) 	Elapsed: 0.083	Loglikelihood: -27033.4	(delta): 0.000135069
18 (QN/Block) 	Elapsed: 0.083	Loglikelihood: -27033.4	(delta): 2.86742e-07
Summary: 
Converged in 18 iterations (1.693 sec)
Loglikelihood: -27033.440294
Fst divergences between estimated populations: 
	Pop0	Pop1	Pop2	Pop3	Pop4	Pop5	Pop6	Pop7	Pop8	
Pop0	
Pop1	0.306	
Pop2	0.288	0.193	
Pop3	0.623	0.573	0.504	
Pop4	0.440	0.349	0.303	0.668	
Pop5	0.324	0.227	0.137	0.533	0.340	
Pop6	0.619	0.568	0.504	0.546	0.663	0.527	
Pop7	0.266	0.189	0.185	0.559	0.335	0.217	0.552	
Pop8	0.455	0.393	0.291	0.550	0.480	0.321	0.545	0.384	
Pop9	0.324	0.226	0.220	0.595	0.377	0.256	0.588	0.205	0.417	
CV error (K=10): 0.72639
Writing output files.
