****                   ADMIXTURE Version 1.3.0                  ****
****                    Copyright 2008-2015                     ****
****           David Alexander, Suyash Shringarpure,            ****
****                John  Novembre, Ken Lange                   ****
****                                                            ****
****                 Please cite our paper!                     ****
****   Information at www.genetics.ucla.edu/software/admixture  ****

Cross-validation will be performed.  Folds=5.
Parallel execution requested.  Will use 10 threads.
Random seed: 43
Point estimation method: Block relaxation algorithm
Convergence acceleration algorithm: QuasiNewton, 3 secant conditions
Point estimation will terminate when objective function delta < 0.0001
Estimation of standard errors disabled; will compute point estimates only.
Size of G: 38x3998
Performing five EM steps to prime main algorithm
1 (EM) 	Elapsed: 0.013	Loglikelihood: -51340.2	(delta): 159331
2 (EM) 	Elapsed: 0.016	Loglikelihood: -48634.8	(delta): 2705.37
3 (EM) 	Elapsed: 0.015	Loglikelihood: -48076	(delta): 558.863
4 (EM) 	Elapsed: 0.013	Loglikelihood: -47799.6	(delta): 276.414
5 (EM) 	Elapsed: 0.016	Loglikelihood: -47637.8	(delta): 161.816
Initial loglikelihood: -47637.8
Starting main algorithm
1 (QN/Block) 	Elapsed: 0.032	Loglikelihood: -45891.8	(delta): 1745.94
2 (QN/Block) 	Elapsed: 0.032	Loglikelihood: -44939.4	(delta): 952.388
3 (QN/Block) 	Elapsed: 0.034	Loglikelihood: -44538.5	(delta): 400.942
4 (QN/Block) 	Elapsed: 0.033	Loglikelihood: -44323.7	(delta): 214.819
5 (QN/Block) 	Elapsed: 0.033	Loglikelihood: -44034.4	(delta): 289.274
6 (QN/Block) 	Elapsed: 0.033	Loglikelihood: -43999.8	(delta): 34.6124
7 (QN/Block) 	Elapsed: 0.033	Loglikelihood: -43995.8	(delta): 3.99534
8 (QN/Block) 	Elapsed: 0.033	Loglikelihood: -43995.7	(delta): 0.0791322
9 (QN/Block) 	Elapsed: 0.033	Loglikelihood: -43995.7	(delta): 0.0560415
10 (QN/Block) 	Elapsed: 0.033	Loglikelihood: -43995.6	(delta): 0.00687903
11 (QN/Block) 	Elapsed: 0.033	Loglikelihood: -43995.6	(delta): 1.78186e-06
Summary: 
Converged in 11 iterations (0.445 sec)
Loglikelihood: -43995.643784
Fst divergences between estimated populations: 
	Pop0	
Pop0	
Pop1	0.107	
CV error (K=2): 0.53995
Writing output files.
