****                   ADMIXTURE Version 1.3.0                  ****
****                    Copyright 2008-2015                     ****
****           David Alexander, Suyash Shringarpure,            ****
****                John  Novembre, Ken Lange                   ****
****                                                            ****
****                 Please cite our paper!                     ****
****   Information at www.genetics.ucla.edu/software/admixture  ****

Cross-validation will be performed.  Folds=5.
Parallel execution requested.  Will use 10 threads.
Random seed: 43
Point estimation method: Block relaxation algorithm
Convergence acceleration algorithm: QuasiNewton, 3 secant conditions
Point estimation will terminate when objective function delta < 0.0001
Estimation of standard errors disabled; will compute point estimates only.
Size of G: 38x3998
Performing five EM steps to prime main algorithm
1 (EM) 	Elapsed: 0.019	Loglikelihood: -52616.1	(delta): 135982
2 (EM) 	Elapsed: 0.02	Loglikelihood: -47728.3	(delta): 4887.83
3 (EM) 	Elapsed: 0.021	Loglikelihood: -46434.9	(delta): 1293.4
4 (EM) 	Elapsed: 0.019	Loglikelihood: -45636.4	(delta): 798.479
5 (EM) 	Elapsed: 0.019	Loglikelihood: -45053.9	(delta): 582.541
Initial loglikelihood: -45053.9
Starting main algorithm
1 (QN/Block) 	Elapsed: 0.04	Loglikelihood: -40720.2	(delta): 4333.7
2 (QN/Block) 	Elapsed: 0.04	Loglikelihood: -39299.1	(delta): 1421.05
3 (QN/Block) 	Elapsed: 0.043	Loglikelihood: -38104.2	(delta): 1194.95
4 (QN/Block) 	Elapsed: 0.041	Loglikelihood: -36995.9	(delta): 1108.26
5 (QN/Block) 	Elapsed: 0.042	Loglikelihood: -36019.1	(delta): 976.762
6 (QN/Block) 	Elapsed: 0.042	Loglikelihood: -35320.6	(delta): 698.532
7 (QN/Block) 	Elapsed: 0.041	Loglikelihood: -34812	(delta): 508.568
8 (QN/Block) 	Elapsed: 0.041	Loglikelihood: -34629.4	(delta): 182.663
9 (QN/Block) 	Elapsed: 0.041	Loglikelihood: -34573.6	(delta): 55.7359
10 (QN/Block) 	Elapsed: 0.041	Loglikelihood: -34554.1	(delta): 19.5373
11 (QN/Block) 	Elapsed: 0.041	Loglikelihood: -34549.4	(delta): 4.67505
12 (QN/Block) 	Elapsed: 0.041	Loglikelihood: -34545.2	(delta): 4.20884
13 (QN/Block) 	Elapsed: 0.041	Loglikelihood: -34523	(delta): 22.2575
14 (QN/Block) 	Elapsed: 0.041	Loglikelihood: -34518.2	(delta): 4.77724
15 (QN/Block) 	Elapsed: 0.041	Loglikelihood: -34517.3	(delta): 0.892608
16 (QN/Block) 	Elapsed: 0.041	Loglikelihood: -34517.1	(delta): 0.153619
17 (QN/Block) 	Elapsed: 0.041	Loglikelihood: -34517.1	(delta): 0.0475947
18 (QN/Block) 	Elapsed: 0.041	Loglikelihood: -34517.1	(delta): 0.0418199
19 (QN/Block) 	Elapsed: 0.042	Loglikelihood: -34517.1	(delta): 0.00458072
20 (QN/Block) 	Elapsed: 0.041	Loglikelihood: -34517.1	(delta): 0.00209233
21 (QN/Block) 	Elapsed: 0.041	Loglikelihood: -34517.1	(delta): 0.000520668
22 (QN/Block) 	Elapsed: 0.042	Loglikelihood: -34517.1	(delta): 5.41766e-06
Summary: 
Converged in 22 iterations (1.024 sec)
Loglikelihood: -34517.050983
Fst divergences between estimated populations: 
	Pop0	Pop1	Pop2	
Pop0	
Pop1	0.469	
Pop2	0.334	0.465	
Pop3	0.282	0.444	0.131	
CV error (K=4): 0.54434
Writing output files.
