****                   ADMIXTURE Version 1.3.0                  ****
****                    Copyright 2008-2015                     ****
****           David Alexander, Suyash Shringarpure,            ****
****                John  Novembre, Ken Lange                   ****
****                                                            ****
****                 Please cite our paper!                     ****
****   Information at www.genetics.ucla.edu/software/admixture  ****

Cross-validation will be performed.  Folds=5.
Parallel execution requested.  Will use 10 threads.
Random seed: 43
Point estimation method: Block relaxation algorithm
Convergence acceleration algorithm: QuasiNewton, 3 secant conditions
Point estimation will terminate when objective function delta < 0.0001
Estimation of standard errors disabled; will compute point estimates only.
Size of G: 38x3998
Performing five EM steps to prime main algorithm
1 (EM) 	Elapsed: 0.026	Loglikelihood: -53037.1	(delta): 131515
2 (EM) 	Elapsed: 0.028	Loglikelihood: -48043.2	(delta): 4993.86
3 (EM) 	Elapsed: 0.027	Loglikelihood: -46797.1	(delta): 1246.11
4 (EM) 	Elapsed: 0.031	Loglikelihood: -46065.9	(delta): 731.283
5 (EM) 	Elapsed: 0.03	Loglikelihood: -45539.5	(delta): 526.321
Initial loglikelihood: -45539.5
Starting main algorithm
1 (QN/Block) 	Elapsed: 0.051	Loglikelihood: -40744	(delta): 4795.51
2 (QN/Block) 	Elapsed: 0.05	Loglikelihood: -38262.5	(delta): 2481.49
3 (QN/Block) 	Elapsed: 0.053	Loglikelihood: -36602.9	(delta): 1659.68
4 (QN/Block) 	Elapsed: 0.052	Loglikelihood: -34885.7	(delta): 1717.14
5 (QN/Block) 	Elapsed: 0.051	Loglikelihood: -33710.8	(delta): 1174.89
6 (QN/Block) 	Elapsed: 0.051	Loglikelihood: -33123.5	(delta): 587.315
7 (QN/Block) 	Elapsed: 0.051	Loglikelihood: -32955.3	(delta): 168.221
8 (QN/Block) 	Elapsed: 0.051	Loglikelihood: -32843.3	(delta): 111.973
9 (QN/Block) 	Elapsed: 0.051	Loglikelihood: -32778.2	(delta): 65.0821
10 (QN/Block) 	Elapsed: 0.052	Loglikelihood: -32730.8	(delta): 47.4008
11 (QN/Block) 	Elapsed: 0.052	Loglikelihood: -32709.4	(delta): 21.4419
12 (QN/Block) 	Elapsed: 0.051	Loglikelihood: -32693.3	(delta): 16.1251
13 (QN/Block) 	Elapsed: 0.051	Loglikelihood: -32616.8	(delta): 76.4748
14 (QN/Block) 	Elapsed: 0.051	Loglikelihood: -32593.8	(delta): 22.9549
15 (QN/Block) 	Elapsed: 0.052	Loglikelihood: -32589.9	(delta): 3.94506
16 (QN/Block) 	Elapsed: 0.052	Loglikelihood: -32558.9	(delta): 30.9817
17 (QN/Block) 	Elapsed: 0.053	Loglikelihood: -32514.9	(delta): 44.0197
18 (QN/Block) 	Elapsed: 0.051	Loglikelihood: -32503.1	(delta): 11.7721
19 (QN/Block) 	Elapsed: 0.052	Loglikelihood: -32502	(delta): 1.14717
20 (QN/Block) 	Elapsed: 0.051	Loglikelihood: -32501.6	(delta): 0.40232
21 (QN/Block) 	Elapsed: 0.051	Loglikelihood: -32501.3	(delta): 0.281683
22 (QN/Block) 	Elapsed: 0.052	Loglikelihood: -32501.2	(delta): 0.113559
23 (QN/Block) 	Elapsed: 0.052	Loglikelihood: -32501.2	(delta): 0.00142223
24 (QN/Block) 	Elapsed: 0.052	Loglikelihood: -32501.2	(delta): 0.000909256
25 (QN/Block) 	Elapsed: 0.052	Loglikelihood: -32501.2	(delta): 0.00095689
26 (QN/Block) 	Elapsed: 0.051	Loglikelihood: -32501.2	(delta): 0.000151554
27 (QN/Block) 	Elapsed: 0.051	Loglikelihood: -32501.2	(delta): 1.3741e-05
Summary: 
Converged in 27 iterations (1.556 sec)
Loglikelihood: -32501.167383
Fst divergences between estimated populations: 
	Pop0	Pop1	Pop2	Pop3	
Pop0	
Pop1	0.511	
Pop2	0.443	0.225	
Pop3	0.463	0.174	0.130	
Pop4	0.470	0.394	0.280	0.336	
CV error (K=5): 0.59031
Writing output files.
