****                   ADMIXTURE Version 1.3.0                  ****
****                    Copyright 2008-2015                     ****
****           David Alexander, Suyash Shringarpure,            ****
****                John  Novembre, Ken Lange                   ****
****                                                            ****
****                 Please cite our paper!                     ****
****   Information at www.genetics.ucla.edu/software/admixture  ****

Cross-validation will be performed.  Folds=5.
Parallel execution requested.  Will use 10 threads.
Random seed: 43
Point estimation method: Block relaxation algorithm
Convergence acceleration algorithm: QuasiNewton, 3 secant conditions
Point estimation will terminate when objective function delta < 0.0001
Estimation of standard errors disabled; will compute point estimates only.
Size of G: 38x3998
Performing five EM steps to prime main algorithm
1 (EM) 	Elapsed: 0.022	Loglikelihood: -52535.4	(delta): 130696
2 (EM) 	Elapsed: 0.022	Loglikelihood: -47387.4	(delta): 5148.04
3 (EM) 	Elapsed: 0.022	Loglikelihood: -46008.7	(delta): 1378.71
4 (EM) 	Elapsed: 0.022	Loglikelihood: -45170.1	(delta): 838.636
5 (EM) 	Elapsed: 0.022	Loglikelihood: -44546.9	(delta): 623.129
Initial loglikelihood: -44546.9
Starting main algorithm
1 (QN/Block) 	Elapsed: 0.059	Loglikelihood: -38107.5	(delta): 6439.43
2 (QN/Block) 	Elapsed: 0.058	Loglikelihood: -35645.6	(delta): 2461.85
3 (QN/Block) 	Elapsed: 0.061	Loglikelihood: -34256.6	(delta): 1389.07
4 (QN/Block) 	Elapsed: 0.06	Loglikelihood: -33634.1	(delta): 622.516
5 (QN/Block) 	Elapsed: 0.061	Loglikelihood: -32674.8	(delta): 959.25
6 (QN/Block) 	Elapsed: 0.059	Loglikelihood: -31466.1	(delta): 1208.68
7 (QN/Block) 	Elapsed: 0.059	Loglikelihood: -31058.6	(delta): 407.472
8 (QN/Block) 	Elapsed: 0.059	Loglikelihood: -30932.3	(delta): 126.361
9 (QN/Block) 	Elapsed: 0.06	Loglikelihood: -30909.3	(delta): 22.9806
10 (QN/Block) 	Elapsed: 0.06	Loglikelihood: -30868.2	(delta): 41.1371
11 (QN/Block) 	Elapsed: 0.06	Loglikelihood: -30853	(delta): 15.2084
12 (QN/Block) 	Elapsed: 0.06	Loglikelihood: -30851.4	(delta): 1.58474
13 (QN/Block) 	Elapsed: 0.059	Loglikelihood: -30851.4	(delta): 0.0174324
14 (QN/Block) 	Elapsed: 0.06	Loglikelihood: -30851.3	(delta): 0.0186624
15 (QN/Block) 	Elapsed: 0.06	Loglikelihood: -30851.2	(delta): 0.104191
16 (QN/Block) 	Elapsed: 0.06	Loglikelihood: -30851.1	(delta): 0.171855
17 (QN/Block) 	Elapsed: 0.061	Loglikelihood: -30851.1	(delta): 0.00503702
18 (QN/Block) 	Elapsed: 0.06	Loglikelihood: -30851.1	(delta): 4.3587e-05
Summary: 
Converged in 18 iterations (1.206 sec)
Loglikelihood: -30851.057741
Fst divergences between estimated populations: 
	Pop0	Pop1	Pop2	Pop3	Pop4	
Pop0	
Pop1	0.134	
Pop2	0.147	0.160	
Pop3	0.455	0.460	0.466	
Pop4	0.243	0.256	0.178	0.517	
Pop5	0.298	0.309	0.350	0.484	0.414	
CV error (K=6): 0.59097
Writing output files.
