****                   ADMIXTURE Version 1.3.0                  ****
****                    Copyright 2008-2015                     ****
****           David Alexander, Suyash Shringarpure,            ****
****                John  Novembre, Ken Lange                   ****
****                                                            ****
****                 Please cite our paper!                     ****
****   Information at www.genetics.ucla.edu/software/admixture  ****

Cross-validation will be performed.  Folds=5.
Parallel execution requested.  Will use 10 threads.
Random seed: 43
Point estimation method: Block relaxation algorithm
Convergence acceleration algorithm: QuasiNewton, 3 secant conditions
Point estimation will terminate when objective function delta < 0.0001
Estimation of standard errors disabled; will compute point estimates only.
Size of G: 38x3998
Performing five EM steps to prime main algorithm
1 (EM) 	Elapsed: 0.029	Loglikelihood: -52433.7	(delta): 127357
2 (EM) 	Elapsed: 0.031	Loglikelihood: -47016.9	(delta): 5416.81
3 (EM) 	Elapsed: 0.032	Loglikelihood: -45413.5	(delta): 1603.48
4 (EM) 	Elapsed: 0.037	Loglikelihood: -44380.7	(delta): 1032.8
5 (EM) 	Elapsed: 0.029	Loglikelihood: -43598.7	(delta): 781.992
Initial loglikelihood: -43598.7
Starting main algorithm
1 (QN/Block) 	Elapsed: 0.07	Loglikelihood: -36337.8	(delta): 7260.86
2 (QN/Block) 	Elapsed: 0.07	Loglikelihood: -32498.2	(delta): 3839.6
3 (QN/Block) 	Elapsed: 0.073	Loglikelihood: -30518.9	(delta): 1979.28
4 (QN/Block) 	Elapsed: 0.07	Loglikelihood: -29623.7	(delta): 895.248
5 (QN/Block) 	Elapsed: 0.071	Loglikelihood: -29254.6	(delta): 369.102
6 (QN/Block) 	Elapsed: 0.073	Loglikelihood: -29076.9	(delta): 177.675
7 (QN/Block) 	Elapsed: 0.071	Loglikelihood: -28971	(delta): 105.912
8 (QN/Block) 	Elapsed: 0.07	Loglikelihood: -28859.3	(delta): 111.696
9 (QN/Block) 	Elapsed: 0.071	Loglikelihood: -28842.3	(delta): 16.9726
10 (QN/Block) 	Elapsed: 0.07	Loglikelihood: -28840.7	(delta): 1.61233
11 (QN/Block) 	Elapsed: 0.07	Loglikelihood: -28839.8	(delta): 0.883934
12 (QN/Block) 	Elapsed: 0.073	Loglikelihood: -28839.6	(delta): 0.231527
13 (QN/Block) 	Elapsed: 0.071	Loglikelihood: -28839.6	(delta): 0.00772172
14 (QN/Block) 	Elapsed: 0.071	Loglikelihood: -28839.6	(delta): 0.00721245
15 (QN/Block) 	Elapsed: 0.071	Loglikelihood: -28839.6	(delta): 0.0100606
16 (QN/Block) 	Elapsed: 0.071	Loglikelihood: -28839.6	(delta): 0.0140362
17 (QN/Block) 	Elapsed: 0.071	Loglikelihood: -28839.5	(delta): 0.0195763
18 (QN/Block) 	Elapsed: 0.071	Loglikelihood: -28839.5	(delta): 0.0272894
19 (QN/Block) 	Elapsed: 0.071	Loglikelihood: -28839.5	(delta): 0.0137311
20 (QN/Block) 	Elapsed: 0.071	Loglikelihood: -28839.5	(delta): 6.08108e-06
Summary: 
Converged in 20 iterations (1.601 sec)
Loglikelihood: -28839.489836
Fst divergences between estimated populations: 
	Pop0	Pop1	Pop2	Pop3	Pop4	Pop5	Pop6	
Pop0	
Pop1	0.227	
Pop2	0.336	0.376	
Pop3	0.477	0.491	0.481	
Pop4	0.168	0.196	0.305	0.457	
Pop5	0.224	0.183	0.351	0.475	0.183	
Pop6	0.340	0.295	0.455	0.549	0.301	0.266	
Pop7	0.203	0.148	0.362	0.476	0.172	0.154	0.263	
CV error (K=8): 0.73446
Writing output files.
