****                   ADMIXTURE Version 1.3.0                  ****
****                    Copyright 2008-2015                     ****
****           David Alexander, Suyash Shringarpure,            ****
****                John  Novembre, Ken Lange                   ****
****                                                            ****
****                 Please cite our paper!                     ****
****   Information at www.genetics.ucla.edu/software/admixture  ****

Cross-validation will be performed.  Folds=5.
Parallel execution requested.  Will use 10 threads.
Random seed: 43
Point estimation method: Block relaxation algorithm
Convergence acceleration algorithm: QuasiNewton, 3 secant conditions
Point estimation will terminate when objective function delta < 0.0001
Estimation of standard errors disabled; will compute point estimates only.
Size of G: 38x3998
Performing five EM steps to prime main algorithm
1 (EM) 	Elapsed: 0.042	Loglikelihood: -52438.6	(delta): 125135
2 (EM) 	Elapsed: 0.044	Loglikelihood: -47049.5	(delta): 5389.11
3 (EM) 	Elapsed: 0.044	Loglikelihood: -45442.5	(delta): 1607.06
4 (EM) 	Elapsed: 0.044	Loglikelihood: -44334.1	(delta): 1108.31
5 (EM) 	Elapsed: 0.044	Loglikelihood: -43426.3	(delta): 907.826
Initial loglikelihood: -43426.3
Starting main algorithm
1 (QN/Block) 	Elapsed: 0.079	Loglikelihood: -34841.8	(delta): 8584.52
2 (QN/Block) 	Elapsed: 0.079	Loglikelihood: -31787.2	(delta): 3054.63
3 (QN/Block) 	Elapsed: 0.084	Loglikelihood: -30093.8	(delta): 1693.33
4 (QN/Block) 	Elapsed: 0.082	Loglikelihood: -29281.6	(delta): 812.198
5 (QN/Block) 	Elapsed: 0.082	Loglikelihood: -28751.5	(delta): 530.151
6 (QN/Block) 	Elapsed: 0.083	Loglikelihood: -28448.5	(delta): 302.949
7 (QN/Block) 	Elapsed: 0.083	Loglikelihood: -28296.4	(delta): 152.143
8 (QN/Block) 	Elapsed: 0.081	Loglikelihood: -28251.1	(delta): 45.272
9 (QN/Block) 	Elapsed: 0.082	Loglikelihood: -28243.7	(delta): 7.42225
10 (QN/Block) 	Elapsed: 0.083	Loglikelihood: -28239.7	(delta): 4.04828
11 (QN/Block) 	Elapsed: 0.082	Loglikelihood: -28219.6	(delta): 20.0428
12 (QN/Block) 	Elapsed: 0.081	Loglikelihood: -28202.3	(delta): 17.2773
13 (QN/Block) 	Elapsed: 0.081	Loglikelihood: -28185.4	(delta): 16.946
14 (QN/Block) 	Elapsed: 0.081	Loglikelihood: -28182.8	(delta): 2.56172
15 (QN/Block) 	Elapsed: 0.081	Loglikelihood: -28182.8	(delta): 0.0146137
16 (QN/Block) 	Elapsed: 0.081	Loglikelihood: -28182.8	(delta): 0.000715354
17 (QN/Block) 	Elapsed: 0.081	Loglikelihood: -28182.8	(delta): 1.46794e-05
Summary: 
Converged in 17 iterations (1.665 sec)
Loglikelihood: -28182.815041
Fst divergences between estimated populations: 
	Pop0	Pop1	Pop2	Pop3	Pop4	Pop5	Pop6	Pop7	
Pop0	
Pop1	0.574	
Pop2	0.646	0.344	
Pop3	0.680	0.403	0.368	
Pop4	0.613	0.178	0.389	0.430	
Pop5	0.590	0.156	0.396	0.433	0.215	
Pop6	0.593	0.499	0.553	0.585	0.534	0.516	
Pop7	0.604	0.185	0.413	0.447	0.244	0.131	0.528	
Pop8	0.675	0.295	0.490	0.526	0.353	0.258	0.592	0.254	
CV error (K=9): 0.67473
Writing output files.
